[0.008s] Invoking command in '/home/zhongrui/code/ws/build/yolo_xy_pkg': AMENT_PREFIX_PATH=/home/zhongrui/code/ws/install/center_msg_pkg:${AMENT_PREFIX_PATH} CMAKE_PREFIX_PATH=/home/zhongrui/code/ws/install/center_msg_pkg:/opt/ros/humble LD_LIBRARY_PATH=/home/zhongrui/code/ws/install/center_msg_pkg/lib:/opt/MVS/lib/64:/opt/MVS/lib/32:/usr/local/lib:/usr/lib/x86_64-linux-gnu/gazebo-11/plugins:/opt/ros/humble/opt/rviz_ogre_vendor/lib:/opt/ros/humble/lib/x86_64-linux-gnu:/opt/ros/humble/lib:/opt/MVS/lib/64:/opt/MVS/lib/32:/opt/MVS/lib/64:/opt/MVS/lib/32 PYTHONPATH=/home/zhongrui/code/ws/install/center_msg_pkg/local/lib/python3.10/dist-packages:${PYTHONPATH} /home/zhongrui/bin/cmake /home/zhongrui/code/ws/src/yolo_xy_pkg -DCMAKE_INSTALL_PREFIX=/home/zhongrui/code/ws/install/yolo_xy_pkg
[0.012s] [0mCMake Deprecation Warning at CMakeLists.txt:1 (cmake_minimum_required):
[0.012s]   Compatibility with CMake < 3.10 will be removed from a future version of
[0.012s]   CMake.
[0.012s] 
[0.012s]   Update the VERSION argument <min> value.  Or, use the <min>...<max> syntax
[0.012s]   to tell CMake that the project requires at least <min> but has been updated
[0.012s]   to work with policies introduced by <max> or earlier.
[0.012s] 
[0.012s] [0m
[0.048s] -- The C compiler identification is GNU 11.4.0
[0.103s] -- The CXX compiler identification is GNU 11.4.0
[0.108s] -- Detecting C compiler ABI info
[0.155s] -- Detecting C compiler ABI info - done
[0.167s] -- Check for working C compiler: /usr/bin/cc - skipped
[0.167s] -- Detecting C compile features
[0.167s] -- Detecting C compile features - done
[0.179s] -- Detecting CXX compiler ABI info
[0.238s] -- Detecting CXX compiler ABI info - done
[0.252s] -- Check for working CXX compiler: /usr/bin/c++ - skipped
[0.252s] -- Detecting CXX compile features
[0.252s] -- Detecting CXX compile features - done
[0.261s] -- Found ament_cmake: 1.3.12 (/opt/ros/humble/share/ament_cmake/cmake)
[0.359s] -- Found Python3: /usr/bin/python3 (found version "3.10.12") found components: Interpreter
[0.426s] -- Found rclcpp: 16.0.15 (/opt/ros/humble/share/rclcpp/cmake)
[0.462s] -- Found rosidl_generator_c: 3.1.7 (/opt/ros/humble/share/rosidl_generator_c/cmake)
[0.465s] -- Found rosidl_adapter: 3.1.7 (/opt/ros/humble/share/rosidl_adapter/cmake)
[0.472s] -- Found rosidl_generator_cpp: 3.1.7 (/opt/ros/humble/share/rosidl_generator_cpp/cmake)
[0.480s] -- Using all available rosidl_typesupport_c: rosidl_typesupport_fastrtps_c;rosidl_typesupport_introspection_c
[0.492s] -- Using all available rosidl_typesupport_cpp: rosidl_typesupport_fastrtps_cpp;rosidl_typesupport_introspection_cpp
[0.537s] -- Found rmw_implementation_cmake: 6.1.2 (/opt/ros/humble/share/rmw_implementation_cmake/cmake)
[0.539s] -- Found rmw_fastrtps_cpp: 6.2.8 (/opt/ros/humble/share/rmw_fastrtps_cpp/cmake)
[0.622s] -- Found OpenSSL: /usr/lib/x86_64-linux-gnu/libcrypto.so (found version "3.0.2")
[0.648s] -- Found FastRTPS: /opt/ros/humble/include
[0.689s] -- Using RMW implementation 'rmw_fastrtps_cpp' as default
[0.699s] -- Performing Test CMAKE_HAVE_LIBC_PTHREAD
[0.751s] -- Performing Test CMAKE_HAVE_LIBC_PTHREAD - Success
[0.752s] -- Found Threads: TRUE
[0.817s] -- Found OpenCV: /usr/local (found version "4.9.0")
[0.819s] -- Found cv_bridge: 3.2.1 (/opt/ros/humble/share/cv_bridge/cmake)
[0.856s] -- Found center_msg_pkg: 0.0.0 (/home/zhongrui/code/ws/install/center_msg_pkg/share/center_msg_pkg/cmake)
[0.865s] -- Found ament_lint_auto: 0.12.14 (/opt/ros/humble/share/ament_lint_auto/cmake)
[0.921s] -- Added test 'cppcheck' to perform static code analysis on C / C++ code
[0.922s] -- Configured cppcheck include dirs: /home/zhongrui/code/ws/src/yolo_xy_pkg/include
[0.922s] -- Configured cppcheck exclude dirs and/or files: 
[0.922s] -- Added test 'lint_cmake' to check CMake code style
[0.924s] -- Added test 'uncrustify' to check C / C++ code style
[0.924s] -- Configured uncrustify additional arguments: 
[0.924s] -- Added test 'xmllint' to check XML markup files
[0.925s] -- Configuring done (0.9s)
[0.937s] -- Generating done (0.0s)
[0.939s] -- Build files have been written to: /home/zhongrui/code/ws/build/yolo_xy_pkg
[0.950s] Invoked command in '/home/zhongrui/code/ws/build/yolo_xy_pkg' returned '0': AMENT_PREFIX_PATH=/home/zhongrui/code/ws/install/center_msg_pkg:${AMENT_PREFIX_PATH} CMAKE_PREFIX_PATH=/home/zhongrui/code/ws/install/center_msg_pkg:/opt/ros/humble LD_LIBRARY_PATH=/home/zhongrui/code/ws/install/center_msg_pkg/lib:/opt/MVS/lib/64:/opt/MVS/lib/32:/usr/local/lib:/usr/lib/x86_64-linux-gnu/gazebo-11/plugins:/opt/ros/humble/opt/rviz_ogre_vendor/lib:/opt/ros/humble/lib/x86_64-linux-gnu:/opt/ros/humble/lib:/opt/MVS/lib/64:/opt/MVS/lib/32:/opt/MVS/lib/64:/opt/MVS/lib/32 PYTHONPATH=/home/zhongrui/code/ws/install/center_msg_pkg/local/lib/python3.10/dist-packages:${PYTHONPATH} /home/zhongrui/bin/cmake /home/zhongrui/code/ws/src/yolo_xy_pkg -DCMAKE_INSTALL_PREFIX=/home/zhongrui/code/ws/install/yolo_xy_pkg
[0.952s] Invoking command in '/home/zhongrui/code/ws/build/yolo_xy_pkg': AMENT_PREFIX_PATH=/home/zhongrui/code/ws/install/center_msg_pkg:${AMENT_PREFIX_PATH} CMAKE_PREFIX_PATH=/home/zhongrui/code/ws/install/center_msg_pkg:/opt/ros/humble LD_LIBRARY_PATH=/home/zhongrui/code/ws/install/center_msg_pkg/lib:/opt/MVS/lib/64:/opt/MVS/lib/32:/usr/local/lib:/usr/lib/x86_64-linux-gnu/gazebo-11/plugins:/opt/ros/humble/opt/rviz_ogre_vendor/lib:/opt/ros/humble/lib/x86_64-linux-gnu:/opt/ros/humble/lib:/opt/MVS/lib/64:/opt/MVS/lib/32:/opt/MVS/lib/64:/opt/MVS/lib/32 PYTHONPATH=/home/zhongrui/code/ws/install/center_msg_pkg/local/lib/python3.10/dist-packages:${PYTHONPATH} /home/zhongrui/bin/cmake --build /home/zhongrui/code/ws/build/yolo_xy_pkg -- -j16 -l16
[0.975s] [ 33%] [32mBuilding CXX object CMakeFiles/yolo_xy_node.dir/src/main.cpp.o[0m
[0.975s] [ 66%] [32mBuilding CXX object CMakeFiles/yolo_xy_node.dir/src/inference.cpp.o[0m
[23.774s] [100%] [32m[1mLinking CXX executable yolo_xy_node[0m
[24.027s] /usr/bin/ld: warning: libopencv_imgcodecs.so.4.5d, needed by /opt/ros/humble/lib/libcv_bridge.so, may conflict with libopencv_imgcodecs.so.409
[24.028s] /usr/bin/ld: warning: libopencv_imgproc.so.4.5d, needed by /opt/ros/humble/lib/libcv_bridge.so, may conflict with libopencv_imgproc.so.409
[24.029s] /usr/bin/ld: warning: libopencv_core.so.4.5d, needed by /opt/ros/humble/lib/libcv_bridge.so, may conflict with libopencv_core.so.409
[25.200s] [100%] Built target yolo_xy_node
[25.205s] Invoked command in '/home/zhongrui/code/ws/build/yolo_xy_pkg' returned '0': AMENT_PREFIX_PATH=/home/zhongrui/code/ws/install/center_msg_pkg:${AMENT_PREFIX_PATH} CMAKE_PREFIX_PATH=/home/zhongrui/code/ws/install/center_msg_pkg:/opt/ros/humble LD_LIBRARY_PATH=/home/zhongrui/code/ws/install/center_msg_pkg/lib:/opt/MVS/lib/64:/opt/MVS/lib/32:/usr/local/lib:/usr/lib/x86_64-linux-gnu/gazebo-11/plugins:/opt/ros/humble/opt/rviz_ogre_vendor/lib:/opt/ros/humble/lib/x86_64-linux-gnu:/opt/ros/humble/lib:/opt/MVS/lib/64:/opt/MVS/lib/32:/opt/MVS/lib/64:/opt/MVS/lib/32 PYTHONPATH=/home/zhongrui/code/ws/install/center_msg_pkg/local/lib/python3.10/dist-packages:${PYTHONPATH} /home/zhongrui/bin/cmake --build /home/zhongrui/code/ws/build/yolo_xy_pkg -- -j16 -l16
[25.206s] Invoking command in '/home/zhongrui/code/ws/build/yolo_xy_pkg': AMENT_PREFIX_PATH=/home/zhongrui/code/ws/install/center_msg_pkg:${AMENT_PREFIX_PATH} CMAKE_PREFIX_PATH=/home/zhongrui/code/ws/install/center_msg_pkg:/opt/ros/humble LD_LIBRARY_PATH=/home/zhongrui/code/ws/install/center_msg_pkg/lib:/opt/MVS/lib/64:/opt/MVS/lib/32:/usr/local/lib:/usr/lib/x86_64-linux-gnu/gazebo-11/plugins:/opt/ros/humble/opt/rviz_ogre_vendor/lib:/opt/ros/humble/lib/x86_64-linux-gnu:/opt/ros/humble/lib:/opt/MVS/lib/64:/opt/MVS/lib/32:/opt/MVS/lib/64:/opt/MVS/lib/32 PYTHONPATH=/home/zhongrui/code/ws/install/center_msg_pkg/local/lib/python3.10/dist-packages:${PYTHONPATH} /home/zhongrui/bin/cmake --install /home/zhongrui/code/ws/build/yolo_xy_pkg
[25.207s] -- Install configuration: ""
[25.208s] -- Installing: /home/zhongrui/code/ws/install/yolo_xy_pkg/lib/yolo_xy_pkg/yolo_xy_node
[25.211s] -- Set non-toolchain portion of runtime path of "/home/zhongrui/code/ws/install/yolo_xy_pkg/lib/yolo_xy_pkg/yolo_xy_node" to ""
[25.211s] -- Installing: /home/zhongrui/code/ws/install/yolo_xy_pkg/share/yolo_xy_pkg/config
[25.211s] -- Installing: /home/zhongrui/code/ws/install/yolo_xy_pkg/share/yolo_xy_pkg/config/para.yaml
[25.211s] -- Installing: /home/zhongrui/code/ws/install/yolo_xy_pkg/share/ament_index/resource_index/package_run_dependencies/yolo_xy_pkg
[25.211s] -- Installing: /home/zhongrui/code/ws/install/yolo_xy_pkg/share/ament_index/resource_index/parent_prefix_path/yolo_xy_pkg
[25.211s] -- Installing: /home/zhongrui/code/ws/install/yolo_xy_pkg/share/yolo_xy_pkg/environment/ament_prefix_path.sh
[25.212s] -- Installing: /home/zhongrui/code/ws/install/yolo_xy_pkg/share/yolo_xy_pkg/environment/ament_prefix_path.dsv
[25.212s] -- Installing: /home/zhongrui/code/ws/install/yolo_xy_pkg/share/yolo_xy_pkg/environment/path.sh
[25.212s] -- Installing: /home/zhongrui/code/ws/install/yolo_xy_pkg/share/yolo_xy_pkg/environment/path.dsv
[25.212s] -- Installing: /home/zhongrui/code/ws/install/yolo_xy_pkg/share/yolo_xy_pkg/local_setup.bash
[25.212s] -- Installing: /home/zhongrui/code/ws/install/yolo_xy_pkg/share/yolo_xy_pkg/local_setup.sh
[25.212s] -- Installing: /home/zhongrui/code/ws/install/yolo_xy_pkg/share/yolo_xy_pkg/local_setup.zsh
[25.212s] -- Installing: /home/zhongrui/code/ws/install/yolo_xy_pkg/share/yolo_xy_pkg/local_setup.dsv
[25.212s] -- Installing: /home/zhongrui/code/ws/install/yolo_xy_pkg/share/yolo_xy_pkg/package.dsv
[25.212s] -- Installing: /home/zhongrui/code/ws/install/yolo_xy_pkg/share/ament_index/resource_index/packages/yolo_xy_pkg
[25.212s] -- Installing: /home/zhongrui/code/ws/install/yolo_xy_pkg/share/yolo_xy_pkg/cmake/yolo_xy_pkgConfig.cmake
[25.212s] -- Installing: /home/zhongrui/code/ws/install/yolo_xy_pkg/share/yolo_xy_pkg/cmake/yolo_xy_pkgConfig-version.cmake
[25.212s] -- Installing: /home/zhongrui/code/ws/install/yolo_xy_pkg/share/yolo_xy_pkg/package.xml
[25.214s] Invoked command in '/home/zhongrui/code/ws/build/yolo_xy_pkg' returned '0': AMENT_PREFIX_PATH=/home/zhongrui/code/ws/install/center_msg_pkg:${AMENT_PREFIX_PATH} CMAKE_PREFIX_PATH=/home/zhongrui/code/ws/install/center_msg_pkg:/opt/ros/humble LD_LIBRARY_PATH=/home/zhongrui/code/ws/install/center_msg_pkg/lib:/opt/MVS/lib/64:/opt/MVS/lib/32:/usr/local/lib:/usr/lib/x86_64-linux-gnu/gazebo-11/plugins:/opt/ros/humble/opt/rviz_ogre_vendor/lib:/opt/ros/humble/lib/x86_64-linux-gnu:/opt/ros/humble/lib:/opt/MVS/lib/64:/opt/MVS/lib/32:/opt/MVS/lib/64:/opt/MVS/lib/32 PYTHONPATH=/home/zhongrui/code/ws/install/center_msg_pkg/local/lib/python3.10/dist-packages:${PYTHONPATH} /home/zhongrui/bin/cmake --install /home/zhongrui/code/ws/build/yolo_xy_pkg
