[0.007s] Invoking command in '/home/zhongrui/code/ws/build/yolo_xy_pkg': CMAKE_PREFIX_PATH=/opt/ros/humble /home/zhongrui/bin/cmake /home/zhongrui/code/ws/src/yolo_xy_pkg -DCMAKE_INSTALL_PREFIX=/home/zhongrui/code/ws/install/yolo_xy_pkg
[0.010s] [0mCMake Deprecation Warning at CMakeLists.txt:1 (cmake_minimum_required):
[0.010s]   Compatibility with CMake < 3.10 will be removed from a future version of
[0.010s]   CMake.
[0.010s] 
[0.010s]   Update the VERSION argument <min> value.  Or, use the <min>...<max> syntax
[0.010s]   to tell CMake that the project requires at least <min> but has been updated
[0.010s]   to work with policies introduced by <max> or earlier.
[0.010s] 
[0.010s] [0m
[0.044s] -- The C compiler identification is GNU 11.4.0
[0.095s] -- The CXX compiler identification is GNU 11.4.0
[0.102s] -- Detecting C compiler ABI info
[0.147s] -- Detecting C compiler ABI info - done
[0.158s] -- Check for working C compiler: /usr/bin/cc - skipped
[0.159s] -- Detecting C compile features
[0.159s] -- Detecting C compile features - done
[0.167s] -- Detecting CXX compiler ABI info
[0.219s] -- Detecting CXX compiler ABI info - done
[0.230s] -- Check for working CXX compiler: /usr/bin/c++ - skipped
[0.230s] -- Detecting CXX compile features
[0.231s] -- Detecting CXX compile features - done
[0.238s] -- Found ament_cmake: 1.3.12 (/opt/ros/humble/share/ament_cmake/cmake)
[0.330s] -- Found Python3: /usr/bin/python3 (found version "3.10.12") found components: Interpreter
[0.391s] -- Found rclcpp: 16.0.15 (/opt/ros/humble/share/rclcpp/cmake)
[0.422s] -- Found rosidl_generator_c: 3.1.7 (/opt/ros/humble/share/rosidl_generator_c/cmake)
[0.425s] -- Found rosidl_adapter: 3.1.7 (/opt/ros/humble/share/rosidl_adapter/cmake)
[0.431s] -- Found rosidl_generator_cpp: 3.1.7 (/opt/ros/humble/share/rosidl_generator_cpp/cmake)
[0.440s] -- Using all available rosidl_typesupport_c: rosidl_typesupport_fastrtps_c;rosidl_typesupport_introspection_c
[0.452s] -- Using all available rosidl_typesupport_cpp: rosidl_typesupport_fastrtps_cpp;rosidl_typesupport_introspection_cpp
[0.486s] -- Found rmw_implementation_cmake: 6.1.2 (/opt/ros/humble/share/rmw_implementation_cmake/cmake)
[0.488s] -- Found rmw_fastrtps_cpp: 6.2.8 (/opt/ros/humble/share/rmw_fastrtps_cpp/cmake)
[0.561s] -- Found OpenSSL: /usr/lib/x86_64-linux-gnu/libcrypto.so (found version "3.0.2")
[0.587s] -- Found FastRTPS: /opt/ros/humble/include
[0.631s] -- Using RMW implementation 'rmw_fastrtps_cpp' as default
[0.637s] -- Performing Test CMAKE_HAVE_LIBC_PTHREAD
[0.689s] -- Performing Test CMAKE_HAVE_LIBC_PTHREAD - Success
[0.689s] -- Found Threads: TRUE
[0.742s] -- Found OpenCV: /usr/local (found version "4.9.0")
[0.744s] -- Found cv_bridge: 3.2.1 (/opt/ros/humble/share/cv_bridge/cmake)
[0.781s] -- Found ament_lint_auto: 0.12.14 (/opt/ros/humble/share/ament_lint_auto/cmake)
[0.839s] -- Added test 'cppcheck' to perform static code analysis on C / C++ code
[0.839s] -- Configured cppcheck include dirs: /home/zhongrui/code/ws/src/yolo_xy_pkg/include
[0.839s] -- Configured cppcheck exclude dirs and/or files: 
[0.840s] -- Added test 'lint_cmake' to check CMake code style
[0.843s] -- Added test 'uncrustify' to check C / C++ code style
[0.843s] -- Configured uncrustify additional arguments: 
[0.844s] -- Added test 'xmllint' to check XML markup files
[0.845s] -- Configuring done (0.8s)
[0.856s] -- Generating done (0.0s)
[0.859s] -- Build files have been written to: /home/zhongrui/code/ws/build/yolo_xy_pkg
[0.866s] Invoked command in '/home/zhongrui/code/ws/build/yolo_xy_pkg' returned '0': CMAKE_PREFIX_PATH=/opt/ros/humble /home/zhongrui/bin/cmake /home/zhongrui/code/ws/src/yolo_xy_pkg -DCMAKE_INSTALL_PREFIX=/home/zhongrui/code/ws/install/yolo_xy_pkg
[0.868s] Invoking command in '/home/zhongrui/code/ws/build/yolo_xy_pkg': CMAKE_PREFIX_PATH=/opt/ros/humble /home/zhongrui/bin/cmake --build /home/zhongrui/code/ws/build/yolo_xy_pkg -- -j16 -l16
[0.885s] [ 33%] [32mBuilding CXX object CMakeFiles/yolo_xy_node.dir/src/inference.cpp.o[0m
[0.885s] [ 66%] [32mBuilding CXX object CMakeFiles/yolo_xy_node.dir/src/main.cpp.o[0m
[8.257s] [100%] [32m[1mLinking CXX executable yolo_xy_node[0m
[8.434s] /usr/bin/ld: warning: libopencv_imgproc.so.4.5d, needed by /opt/ros/humble/lib/libcv_bridge.so, may conflict with libopencv_imgproc.so.409
[8.435s] /usr/bin/ld: warning: libopencv_core.so.4.5d, needed by /opt/ros/humble/lib/libcv_bridge.so, may conflict with libopencv_core.so.409
[8.834s] [100%] Built target yolo_xy_node
[8.839s] Invoked command in '/home/zhongrui/code/ws/build/yolo_xy_pkg' returned '0': CMAKE_PREFIX_PATH=/opt/ros/humble /home/zhongrui/bin/cmake --build /home/zhongrui/code/ws/build/yolo_xy_pkg -- -j16 -l16
[8.840s] Invoking command in '/home/zhongrui/code/ws/build/yolo_xy_pkg': CMAKE_PREFIX_PATH=/opt/ros/humble /home/zhongrui/bin/cmake --install /home/zhongrui/code/ws/build/yolo_xy_pkg
[8.842s] -- Install configuration: ""
[8.842s] -- Installing: /home/zhongrui/code/ws/install/yolo_xy_pkg/lib/yolo_xy_pkg/yolo_xy_node
[8.845s] -- Set non-toolchain portion of runtime path of "/home/zhongrui/code/ws/install/yolo_xy_pkg/lib/yolo_xy_pkg/yolo_xy_node" to ""
[8.845s] -- Installing: /home/zhongrui/code/ws/install/yolo_xy_pkg/share/yolo_xy_pkg/config
[8.845s] -- Installing: /home/zhongrui/code/ws/install/yolo_xy_pkg/share/yolo_xy_pkg/config/para.yaml
[8.845s] -- Installing: /home/zhongrui/code/ws/install/yolo_xy_pkg/share/ament_index/resource_index/package_run_dependencies/yolo_xy_pkg
[8.846s] -- Installing: /home/zhongrui/code/ws/install/yolo_xy_pkg/share/ament_index/resource_index/parent_prefix_path/yolo_xy_pkg
[8.846s] -- Installing: /home/zhongrui/code/ws/install/yolo_xy_pkg/share/yolo_xy_pkg/environment/ament_prefix_path.sh
[8.846s] -- Installing: /home/zhongrui/code/ws/install/yolo_xy_pkg/share/yolo_xy_pkg/environment/ament_prefix_path.dsv
[8.846s] -- Installing: /home/zhongrui/code/ws/install/yolo_xy_pkg/share/yolo_xy_pkg/environment/path.sh
[8.846s] -- Installing: /home/zhongrui/code/ws/install/yolo_xy_pkg/share/yolo_xy_pkg/environment/path.dsv
[8.846s] -- Installing: /home/zhongrui/code/ws/install/yolo_xy_pkg/share/yolo_xy_pkg/local_setup.bash
[8.846s] -- Installing: /home/zhongrui/code/ws/install/yolo_xy_pkg/share/yolo_xy_pkg/local_setup.sh
[8.846s] -- Installing: /home/zhongrui/code/ws/install/yolo_xy_pkg/share/yolo_xy_pkg/local_setup.zsh
[8.846s] -- Installing: /home/zhongrui/code/ws/install/yolo_xy_pkg/share/yolo_xy_pkg/local_setup.dsv
[8.846s] -- Installing: /home/zhongrui/code/ws/install/yolo_xy_pkg/share/yolo_xy_pkg/package.dsv
[8.847s] -- Installing: /home/zhongrui/code/ws/install/yolo_xy_pkg/share/ament_index/resource_index/packages/yolo_xy_pkg
[8.847s] -- Installing: /home/zhongrui/code/ws/install/yolo_xy_pkg/share/yolo_xy_pkg/cmake/yolo_xy_pkgConfig.cmake
[8.847s] -- Installing: /home/zhongrui/code/ws/install/yolo_xy_pkg/share/yolo_xy_pkg/cmake/yolo_xy_pkgConfig-version.cmake
[8.847s] -- Installing: /home/zhongrui/code/ws/install/yolo_xy_pkg/share/yolo_xy_pkg/package.xml
[8.849s] Invoked command in '/home/zhongrui/code/ws/build/yolo_xy_pkg' returned '0': CMAKE_PREFIX_PATH=/opt/ros/humble /home/zhongrui/bin/cmake --install /home/zhongrui/code/ws/build/yolo_xy_pkg
