[0.115s] [34mcolcon[0m [1;30mDEBUG[0m [32mCommand line arguments: ['/usr/bin/colcon', 'build', '--packages-select', 'yolo_xy_pkg', 'center_msg_pkg'][0m
[0.115s] [34mcolcon[0m [1;30mDEBUG[0m [32mParsed command line arguments: Namespace(log_base=None, log_level=None, verb_name='build', build_base='build', install_base='install', merge_install=False, symlink_install=False, test_result_base=None, continue_on_error=False, executor='parallel', parallel_workers=16, event_handlers=None, ignore_user_meta=False, metas=['./colcon.meta'], base_paths=['.'], packages_ignore=None, packages_ignore_regex=None, paths=None, packages_up_to=None, packages_up_to_regex=None, packages_above=None, packages_above_and_dependencies=None, packages_above_depth=None, packages_select_by_dep=None, packages_skip_by_dep=None, packages_skip_up_to=None, packages_select_build_failed=False, packages_skip_build_finished=False, packages_select_test_failures=False, packages_skip_test_passed=False, packages_select=['yolo_xy_pkg', 'center_msg_pkg'], packages_skip=None, packages_select_regex=None, packages_skip_regex=None, packages_start=None, packages_end=None, allow_overriding=[], cmake_args=None, cmake_target=None, cmake_target_skip_unavailable=False, cmake_clean_cache=False, cmake_clean_first=False, cmake_force_configure=False, ament_cmake_args=None, catkin_cmake_args=None, catkin_skip_building_tests=False, verb_parser=<colcon_defaults.argument_parser.defaults.DefaultArgumentsDecorator object at 0x7916a3d40520>, verb_extension=<colcon_core.verb.build.BuildVerb object at 0x7916a3d0be50>, main=<bound method BuildVerb.main of <colcon_core.verb.build.BuildVerb object at 0x7916a3d0be50>>)[0m
[0.356s] [34mcolcon.colcon_core.package_discovery[0m [1;30mLevel 1[0m discover_packages(colcon_meta) check parameters
[0.356s] [34mcolcon.colcon_core.package_discovery[0m [1;30mLevel 1[0m discover_packages(recursive) check parameters
[0.356s] [34mcolcon.colcon_core.package_discovery[0m [1;30mLevel 1[0m discover_packages(ignore) check parameters
[0.356s] [34mcolcon.colcon_core.package_discovery[0m [1;30mLevel 1[0m discover_packages(path) check parameters
[0.356s] [34mcolcon.colcon_core.package_discovery[0m [1;30mLevel 1[0m discover_packages(colcon_meta) discover
[0.357s] [34mcolcon.colcon_core.package_discovery[0m [1;30mLevel 1[0m discover_packages(recursive) discover
[0.357s] [34mcolcon.colcon_core.package_discovery[0m [1;30mINFO[0m Crawling recursively for packages in '/home/zhongrui/code/ws'
[0.357s] [34mcolcon.colcon_core.package_identification[0m [1;30mLevel 1[0m _identify(.) by extensions ['ignore', 'ignore_ament_install']
[0.357s] [34mcolcon.colcon_core.package_identification[0m [1;30mLevel 1[0m _identify(.) by extension 'ignore'
[0.357s] [34mcolcon.colcon_core.package_identification[0m [1;30mLevel 1[0m _identify(.) by extension 'ignore_ament_install'
[0.357s] [34mcolcon.colcon_core.package_identification[0m [1;30mLevel 1[0m _identify(.) by extensions ['colcon_pkg']
[0.357s] [34mcolcon.colcon_core.package_identification[0m [1;30mLevel 1[0m _identify(.) by extension 'colcon_pkg'
[0.357s] [34mcolcon.colcon_core.package_identification[0m [1;30mLevel 1[0m _identify(.) by extensions ['colcon_meta']
[0.357s] [34mcolcon.colcon_core.package_identification[0m [1;30mLevel 1[0m _identify(.) by extension 'colcon_meta'
[0.357s] [34mcolcon.colcon_core.package_identification[0m [1;30mLevel 1[0m _identify(.) by extensions ['ros']
[0.357s] [34mcolcon.colcon_core.package_identification[0m [1;30mLevel 1[0m _identify(.) by extension 'ros'
[0.418s] [34mcolcon.colcon_core.package_identification[0m [1;30mLevel 1[0m _identify(.) by extensions ['cmake', 'python']
[0.419s] [34mcolcon.colcon_core.package_identification[0m [1;30mLevel 1[0m _identify(.) by extension 'cmake'
[0.419s] [34mcolcon.colcon_core.package_identification[0m [1;30mLevel 1[0m _identify(.) by extension 'python'
[0.419s] [34mcolcon.colcon_core.package_identification[0m [1;30mLevel 1[0m _identify(.) by extensions ['python_setup_py']
[0.419s] [34mcolcon.colcon_core.package_identification[0m [1;30mLevel 1[0m _identify(.) by extension 'python_setup_py'
[0.419s] [34mcolcon.colcon_core.package_identification[0m [1;30mLevel 1[0m _identify(build) by extensions ['ignore', 'ignore_ament_install']
[0.419s] [34mcolcon.colcon_core.package_identification[0m [1;30mLevel 1[0m _identify(build) by extension 'ignore'
[0.420s] [34mcolcon.colcon_core.package_identification[0m [1;30mLevel 1[0m _identify(build) ignored
[0.420s] [34mcolcon.colcon_core.package_identification[0m [1;30mLevel 1[0m _identify(install) by extensions ['ignore', 'ignore_ament_install']
[0.420s] [34mcolcon.colcon_core.package_identification[0m [1;30mLevel 1[0m _identify(install) by extension 'ignore'
[0.420s] [34mcolcon.colcon_core.package_identification[0m [1;30mLevel 1[0m _identify(install) ignored
[0.420s] [34mcolcon.colcon_core.package_identification[0m [1;30mLevel 1[0m _identify(log) by extensions ['ignore', 'ignore_ament_install']
[0.420s] [34mcolcon.colcon_core.package_identification[0m [1;30mLevel 1[0m _identify(log) by extension 'ignore'
[0.420s] [34mcolcon.colcon_core.package_identification[0m [1;30mLevel 1[0m _identify(log) ignored
[0.420s] [34mcolcon.colcon_core.package_identification[0m [1;30mLevel 1[0m _identify(output) by extensions ['ignore', 'ignore_ament_install']
[0.420s] [34mcolcon.colcon_core.package_identification[0m [1;30mLevel 1[0m _identify(output) by extension 'ignore'
[0.420s] [34mcolcon.colcon_core.package_identification[0m [1;30mLevel 1[0m _identify(output) by extension 'ignore_ament_install'
[0.420s] [34mcolcon.colcon_core.package_identification[0m [1;30mLevel 1[0m _identify(output) by extensions ['colcon_pkg']
[0.420s] [34mcolcon.colcon_core.package_identification[0m [1;30mLevel 1[0m _identify(output) by extension 'colcon_pkg'
[0.420s] [34mcolcon.colcon_core.package_identification[0m [1;30mLevel 1[0m _identify(output) by extensions ['colcon_meta']
[0.420s] [34mcolcon.colcon_core.package_identification[0m [1;30mLevel 1[0m _identify(output) by extension 'colcon_meta'
[0.420s] [34mcolcon.colcon_core.package_identification[0m [1;30mLevel 1[0m _identify(output) by extensions ['ros']
[0.420s] [34mcolcon.colcon_core.package_identification[0m [1;30mLevel 1[0m _identify(output) by extension 'ros'
[0.421s] [34mcolcon.colcon_core.package_identification[0m [1;30mLevel 1[0m _identify(output) by extensions ['cmake', 'python']
[0.421s] [34mcolcon.colcon_core.package_identification[0m [1;30mLevel 1[0m _identify(output) by extension 'cmake'
[0.421s] [34mcolcon.colcon_core.package_identification[0m [1;30mLevel 1[0m _identify(output) by extension 'python'
[0.421s] [34mcolcon.colcon_core.package_identification[0m [1;30mLevel 1[0m _identify(output) by extensions ['python_setup_py']
[0.421s] [34mcolcon.colcon_core.package_identification[0m [1;30mLevel 1[0m _identify(output) by extension 'python_setup_py'
[0.421s] [34mcolcon.colcon_core.package_identification[0m [1;30mLevel 1[0m _identify(src) by extensions ['ignore', 'ignore_ament_install']
[0.421s] [34mcolcon.colcon_core.package_identification[0m [1;30mLevel 1[0m _identify(src) by extension 'ignore'
[0.421s] [34mcolcon.colcon_core.package_identification[0m [1;30mLevel 1[0m _identify(src) by extension 'ignore_ament_install'
[0.421s] [34mcolcon.colcon_core.package_identification[0m [1;30mLevel 1[0m _identify(src) by extensions ['colcon_pkg']
[0.421s] [34mcolcon.colcon_core.package_identification[0m [1;30mLevel 1[0m _identify(src) by extension 'colcon_pkg'
[0.421s] [34mcolcon.colcon_core.package_identification[0m [1;30mLevel 1[0m _identify(src) by extensions ['colcon_meta']
[0.421s] [34mcolcon.colcon_core.package_identification[0m [1;30mLevel 1[0m _identify(src) by extension 'colcon_meta'
[0.421s] [34mcolcon.colcon_core.package_identification[0m [1;30mLevel 1[0m _identify(src) by extensions ['ros']
[0.421s] [34mcolcon.colcon_core.package_identification[0m [1;30mLevel 1[0m _identify(src) by extension 'ros'
[0.421s] [34mcolcon.colcon_core.package_identification[0m [1;30mLevel 1[0m _identify(src) by extensions ['cmake', 'python']
[0.421s] [34mcolcon.colcon_core.package_identification[0m [1;30mLevel 1[0m _identify(src) by extension 'cmake'
[0.421s] [34mcolcon.colcon_core.package_identification[0m [1;30mLevel 1[0m _identify(src) by extension 'python'
[0.421s] [34mcolcon.colcon_core.package_identification[0m [1;30mLevel 1[0m _identify(src) by extensions ['python_setup_py']
[0.421s] [34mcolcon.colcon_core.package_identification[0m [1;30mLevel 1[0m _identify(src) by extension 'python_setup_py'
[0.421s] [34mcolcon.colcon_core.package_identification[0m [1;30mLevel 1[0m _identify(src/center_msg_pkg) by extensions ['ignore', 'ignore_ament_install']
[0.421s] [34mcolcon.colcon_core.package_identification[0m [1;30mLevel 1[0m _identify(src/center_msg_pkg) by extension 'ignore'
[0.421s] [34mcolcon.colcon_core.package_identification[0m [1;30mLevel 1[0m _identify(src/center_msg_pkg) by extension 'ignore_ament_install'
[0.421s] [34mcolcon.colcon_core.package_identification[0m [1;30mLevel 1[0m _identify(src/center_msg_pkg) by extensions ['colcon_pkg']
[0.421s] [34mcolcon.colcon_core.package_identification[0m [1;30mLevel 1[0m _identify(src/center_msg_pkg) by extension 'colcon_pkg'
[0.421s] [34mcolcon.colcon_core.package_identification[0m [1;30mLevel 1[0m _identify(src/center_msg_pkg) by extensions ['colcon_meta']
[0.421s] [34mcolcon.colcon_core.package_identification[0m [1;30mLevel 1[0m _identify(src/center_msg_pkg) by extension 'colcon_meta'
[0.421s] [34mcolcon.colcon_core.package_identification[0m [1;30mLevel 1[0m _identify(src/center_msg_pkg) by extensions ['ros']
[0.421s] [34mcolcon.colcon_core.package_identification[0m [1;30mLevel 1[0m _identify(src/center_msg_pkg) by extension 'ros'
[0.426s] [34mcolcon.colcon_core.package_identification[0m [1;30mDEBUG[0m [32mPackage 'src/center_msg_pkg' with type 'ros.ament_cmake' and name 'center_msg_pkg'[0m
[0.426s] [34mcolcon.colcon_core.package_identification[0m [1;30mLevel 1[0m _identify(src/test_pkg) by extensions ['ignore', 'ignore_ament_install']
[0.426s] [34mcolcon.colcon_core.package_identification[0m [1;30mLevel 1[0m _identify(src/test_pkg) by extension 'ignore'
[0.426s] [34mcolcon.colcon_core.package_identification[0m [1;30mLevel 1[0m _identify(src/test_pkg) by extension 'ignore_ament_install'
[0.427s] [34mcolcon.colcon_core.package_identification[0m [1;30mLevel 1[0m _identify(src/test_pkg) by extensions ['colcon_pkg']
[0.427s] [34mcolcon.colcon_core.package_identification[0m [1;30mLevel 1[0m _identify(src/test_pkg) by extension 'colcon_pkg'
[0.427s] [34mcolcon.colcon_core.package_identification[0m [1;30mLevel 1[0m _identify(src/test_pkg) by extensions ['colcon_meta']
[0.427s] [34mcolcon.colcon_core.package_identification[0m [1;30mLevel 1[0m _identify(src/test_pkg) by extension 'colcon_meta'
[0.427s] [34mcolcon.colcon_core.package_identification[0m [1;30mLevel 1[0m _identify(src/test_pkg) by extensions ['ros']
[0.427s] [34mcolcon.colcon_core.package_identification[0m [1;30mLevel 1[0m _identify(src/test_pkg) by extension 'ros'
[0.427s] [34mcolcon.colcon_core.package_identification[0m [1;30mDEBUG[0m [32mPackage 'src/test_pkg' with type 'ros.ament_cmake' and name 'test_pkg'[0m
[0.428s] [34mcolcon.colcon_core.package_identification[0m [1;30mLevel 1[0m _identify(src/yolo_xy_pkg) by extensions ['ignore', 'ignore_ament_install']
[0.428s] [34mcolcon.colcon_core.package_identification[0m [1;30mLevel 1[0m _identify(src/yolo_xy_pkg) by extension 'ignore'
[0.428s] [34mcolcon.colcon_core.package_identification[0m [1;30mLevel 1[0m _identify(src/yolo_xy_pkg) by extension 'ignore_ament_install'
[0.428s] [34mcolcon.colcon_core.package_identification[0m [1;30mLevel 1[0m _identify(src/yolo_xy_pkg) by extensions ['colcon_pkg']
[0.428s] [34mcolcon.colcon_core.package_identification[0m [1;30mLevel 1[0m _identify(src/yolo_xy_pkg) by extension 'colcon_pkg'
[0.428s] [34mcolcon.colcon_core.package_identification[0m [1;30mLevel 1[0m _identify(src/yolo_xy_pkg) by extensions ['colcon_meta']
[0.428s] [34mcolcon.colcon_core.package_identification[0m [1;30mLevel 1[0m _identify(src/yolo_xy_pkg) by extension 'colcon_meta'
[0.428s] [34mcolcon.colcon_core.package_identification[0m [1;30mLevel 1[0m _identify(src/yolo_xy_pkg) by extensions ['ros']
[0.428s] [34mcolcon.colcon_core.package_identification[0m [1;30mLevel 1[0m _identify(src/yolo_xy_pkg) by extension 'ros'
[0.429s] [34mcolcon.colcon_core.package_identification[0m [1;30mDEBUG[0m [32mPackage 'src/yolo_xy_pkg' with type 'ros.ament_cmake' and name 'yolo_xy_pkg'[0m
[0.429s] [34mcolcon.colcon_core.package_discovery[0m [1;30mLevel 1[0m discover_packages(recursive) using defaults
[0.429s] [34mcolcon.colcon_core.package_discovery[0m [1;30mLevel 1[0m discover_packages(ignore) discover
[0.429s] [34mcolcon.colcon_core.package_discovery[0m [1;30mLevel 1[0m discover_packages(ignore) using defaults
[0.430s] [34mcolcon.colcon_core.package_discovery[0m [1;30mLevel 1[0m discover_packages(path) discover
[0.430s] [34mcolcon.colcon_core.package_discovery[0m [1;30mLevel 1[0m discover_packages(path) using defaults
[0.457s] [34mcolcon.colcon_core.package_selection[0m [1;30mINFO[0m Skipping not selected package 'test_pkg' in 'src/test_pkg'
[0.457s] [34mcolcon.colcon_core.package_discovery[0m [1;30mLevel 1[0m discover_packages(prefix_path) check parameters
[0.457s] [34mcolcon.colcon_core.package_discovery[0m [1;30mLevel 1[0m discover_packages(prefix_path) discover
[0.459s] [34mcolcon.colcon_installed_package_information.package_discovery[0m [1;30mDEBUG[0m [32mFound 334 installed packages in /opt/ros/humble[0m
[0.460s] [34mcolcon.colcon_core.package_discovery[0m [1;30mLevel 1[0m discover_packages(prefix_path) using defaults
[0.492s] [34mcolcon.colcon_core.verb[0m [1;30mLevel 5[0m set package 'center_msg_pkg' build argument 'cmake_args' from command line to 'None'
[0.492s] [34mcolcon.colcon_core.verb[0m [1;30mLevel 5[0m set package 'center_msg_pkg' build argument 'cmake_target' from command line to 'None'
[0.492s] [34mcolcon.colcon_core.verb[0m [1;30mLevel 5[0m set package 'center_msg_pkg' build argument 'cmake_target_skip_unavailable' from command line to 'False'
[0.492s] [34mcolcon.colcon_core.verb[0m [1;30mLevel 5[0m set package 'center_msg_pkg' build argument 'cmake_clean_cache' from command line to 'False'
[0.492s] [34mcolcon.colcon_core.verb[0m [1;30mLevel 5[0m set package 'center_msg_pkg' build argument 'cmake_clean_first' from command line to 'False'
[0.492s] [34mcolcon.colcon_core.verb[0m [1;30mLevel 5[0m set package 'center_msg_pkg' build argument 'cmake_force_configure' from command line to 'False'
[0.492s] [34mcolcon.colcon_core.verb[0m [1;30mLevel 5[0m set package 'center_msg_pkg' build argument 'ament_cmake_args' from command line to 'None'
[0.492s] [34mcolcon.colcon_core.verb[0m [1;30mLevel 5[0m set package 'center_msg_pkg' build argument 'catkin_cmake_args' from command line to 'None'
[0.492s] [34mcolcon.colcon_core.verb[0m [1;30mLevel 5[0m set package 'center_msg_pkg' build argument 'catkin_skip_building_tests' from command line to 'False'
[0.492s] [34mcolcon.colcon_core.verb[0m [1;30mDEBUG[0m [32mBuilding package 'center_msg_pkg' with the following arguments: {'ament_cmake_args': None, 'build_base': '/home/zhongrui/code/ws/build/center_msg_pkg', 'catkin_cmake_args': None, 'catkin_skip_building_tests': False, 'cmake_args': None, 'cmake_clean_cache': False, 'cmake_clean_first': False, 'cmake_force_configure': False, 'cmake_target': None, 'cmake_target_skip_unavailable': False, 'install_base': '/home/zhongrui/code/ws/install/center_msg_pkg', 'merge_install': False, 'path': '/home/zhongrui/code/ws/src/center_msg_pkg', 'symlink_install': False, 'test_result_base': None}[0m
[0.492s] [34mcolcon.colcon_core.verb[0m [1;30mLevel 5[0m set package 'yolo_xy_pkg' build argument 'cmake_args' from command line to 'None'
[0.492s] [34mcolcon.colcon_core.verb[0m [1;30mLevel 5[0m set package 'yolo_xy_pkg' build argument 'cmake_target' from command line to 'None'
[0.492s] [34mcolcon.colcon_core.verb[0m [1;30mLevel 5[0m set package 'yolo_xy_pkg' build argument 'cmake_target_skip_unavailable' from command line to 'False'
[0.492s] [34mcolcon.colcon_core.verb[0m [1;30mLevel 5[0m set package 'yolo_xy_pkg' build argument 'cmake_clean_cache' from command line to 'False'
[0.492s] [34mcolcon.colcon_core.verb[0m [1;30mLevel 5[0m set package 'yolo_xy_pkg' build argument 'cmake_clean_first' from command line to 'False'
[0.492s] [34mcolcon.colcon_core.verb[0m [1;30mLevel 5[0m set package 'yolo_xy_pkg' build argument 'cmake_force_configure' from command line to 'False'
[0.492s] [34mcolcon.colcon_core.verb[0m [1;30mLevel 5[0m set package 'yolo_xy_pkg' build argument 'ament_cmake_args' from command line to 'None'
[0.492s] [34mcolcon.colcon_core.verb[0m [1;30mLevel 5[0m set package 'yolo_xy_pkg' build argument 'catkin_cmake_args' from command line to 'None'
[0.492s] [34mcolcon.colcon_core.verb[0m [1;30mLevel 5[0m set package 'yolo_xy_pkg' build argument 'catkin_skip_building_tests' from command line to 'False'
[0.492s] [34mcolcon.colcon_core.verb[0m [1;30mDEBUG[0m [32mBuilding package 'yolo_xy_pkg' with the following arguments: {'ament_cmake_args': None, 'build_base': '/home/zhongrui/code/ws/build/yolo_xy_pkg', 'catkin_cmake_args': None, 'catkin_skip_building_tests': False, 'cmake_args': None, 'cmake_clean_cache': False, 'cmake_clean_first': False, 'cmake_force_configure': False, 'cmake_target': None, 'cmake_target_skip_unavailable': False, 'install_base': '/home/zhongrui/code/ws/install/yolo_xy_pkg', 'merge_install': False, 'path': '/home/zhongrui/code/ws/src/yolo_xy_pkg', 'symlink_install': False, 'test_result_base': None}[0m
[0.493s] [34mcolcon.colcon_core.executor[0m [1;30mINFO[0m Executing jobs using 'parallel' executor
[0.494s] [34mcolcon.colcon_parallel_executor.executor.parallel[0m [1;30mDEBUG[0m [32mrun_until_complete[0m
[0.494s] [34mcolcon.colcon_ros.task.ament_cmake.build[0m [1;30mINFO[0m Building ROS package in '/home/zhongrui/code/ws/src/center_msg_pkg' with build type 'ament_cmake'
[0.494s] [34mcolcon.colcon_cmake.task.cmake.build[0m [1;30mINFO[0m Building CMake package in '/home/zhongrui/code/ws/src/center_msg_pkg'
[0.498s] [34mcolcon.colcon_core.plugin_system[0m [1;30mINFO[0m Skipping extension 'colcon_core.shell.bat': Not used on non-Windows systems
[0.499s] [34mcolcon.colcon_core.shell[0m [1;30mINFO[0m Skip shell extension 'powershell' for command environment: Not usable outside of PowerShell
[0.499s] [34mcolcon.colcon_core.shell[0m [1;30mDEBUG[0m [32mSkip shell extension 'dsv' for command environment[0m
[0.511s] [34mcolcon.colcon_core.event_handler.log_command[0m [1;30mDEBUG[0m [32mInvoking command in '/home/zhongrui/code/ws/build/center_msg_pkg': CMAKE_PREFIX_PATH=/opt/ros/humble /home/zhongrui/bin/cmake /home/zhongrui/code/ws/src/center_msg_pkg -DCMAKE_INSTALL_PREFIX=/home/zhongrui/code/ws/install/center_msg_pkg[0m
[3.430s] [34mcolcon.colcon_core.event_handler.log_command[0m [1;30mDEBUG[0m [32mInvoked command in '/home/zhongrui/code/ws/build/center_msg_pkg' returned '0': CMAKE_PREFIX_PATH=/opt/ros/humble /home/zhongrui/bin/cmake /home/zhongrui/code/ws/src/center_msg_pkg -DCMAKE_INSTALL_PREFIX=/home/zhongrui/code/ws/install/center_msg_pkg[0m
[3.432s] [34mcolcon.colcon_core.event_handler.log_command[0m [1;30mDEBUG[0m [32mInvoking command in '/home/zhongrui/code/ws/build/center_msg_pkg': CMAKE_PREFIX_PATH=/opt/ros/humble /home/zhongrui/bin/cmake --build /home/zhongrui/code/ws/build/center_msg_pkg -- -j16 -l16[0m
[4.574s] [34mcolcon.colcon_core.event_handler.log_command[0m [1;30mDEBUG[0m [32mInvoked command in '/home/zhongrui/code/ws/build/center_msg_pkg' returned '0': CMAKE_PREFIX_PATH=/opt/ros/humble /home/zhongrui/bin/cmake --build /home/zhongrui/code/ws/build/center_msg_pkg -- -j16 -l16[0m
[4.578s] [34mcolcon.colcon_core.event_handler.log_command[0m [1;30mDEBUG[0m [32mInvoking command in '/home/zhongrui/code/ws/build/center_msg_pkg': CMAKE_PREFIX_PATH=/opt/ros/humble /home/zhongrui/bin/cmake --install /home/zhongrui/code/ws/build/center_msg_pkg[0m
[4.621s] [34mcolcon.colcon_core.environment[0m [1;30mLevel 1[0m create_environment_scripts_only(center_msg_pkg)
[4.622s] [34mcolcon.colcon_core.event_handler.log_command[0m [1;30mDEBUG[0m [32mInvoked command in '/home/zhongrui/code/ws/build/center_msg_pkg' returned '0': CMAKE_PREFIX_PATH=/opt/ros/humble /home/zhongrui/bin/cmake --install /home/zhongrui/code/ws/build/center_msg_pkg[0m
[4.624s] [34mcolcon.colcon_core.environment[0m [1;30mLevel 1[0m checking '/home/zhongrui/code/ws/install/center_msg_pkg' for CMake module files
[4.624s] [34mcolcon.colcon_core.environment[0m [1;30mLevel 1[0m checking '/home/zhongrui/code/ws/install/center_msg_pkg' for CMake config files
[4.624s] [34mcolcon.colcon_core.shell[0m [1;30mLevel 1[0m create_environment_hook('center_msg_pkg', 'cmake_prefix_path')
[4.625s] [34mcolcon.colcon_core.shell[0m [1;30mINFO[0m Creating environment hook '/home/zhongrui/code/ws/install/center_msg_pkg/share/center_msg_pkg/hook/cmake_prefix_path.ps1'
[4.625s] [34mcolcon.colcon_core.shell[0m [1;30mINFO[0m Creating environment descriptor '/home/zhongrui/code/ws/install/center_msg_pkg/share/center_msg_pkg/hook/cmake_prefix_path.dsv'
[4.625s] [34mcolcon.colcon_core.shell[0m [1;30mINFO[0m Creating environment hook '/home/zhongrui/code/ws/install/center_msg_pkg/share/center_msg_pkg/hook/cmake_prefix_path.sh'
[4.626s] [34mcolcon.colcon_core.environment[0m [1;30mLevel 1[0m checking '/home/zhongrui/code/ws/install/center_msg_pkg/lib'
[4.626s] [34mcolcon.colcon_core.shell[0m [1;30mLevel 1[0m create_environment_hook('center_msg_pkg', 'ld_library_path_lib')
[4.626s] [34mcolcon.colcon_core.shell[0m [1;30mINFO[0m Creating environment hook '/home/zhongrui/code/ws/install/center_msg_pkg/share/center_msg_pkg/hook/ld_library_path_lib.ps1'
[4.626s] [34mcolcon.colcon_core.shell[0m [1;30mINFO[0m Creating environment descriptor '/home/zhongrui/code/ws/install/center_msg_pkg/share/center_msg_pkg/hook/ld_library_path_lib.dsv'
[4.627s] [34mcolcon.colcon_core.shell[0m [1;30mINFO[0m Creating environment hook '/home/zhongrui/code/ws/install/center_msg_pkg/share/center_msg_pkg/hook/ld_library_path_lib.sh'
[4.627s] [34mcolcon.colcon_core.environment[0m [1;30mLevel 1[0m checking '/home/zhongrui/code/ws/install/center_msg_pkg/bin'
[4.627s] [34mcolcon.colcon_core.environment[0m [1;30mLevel 1[0m checking '/home/zhongrui/code/ws/install/center_msg_pkg/lib/pkgconfig/center_msg_pkg.pc'
[4.627s] [34mcolcon.colcon_core.environment[0m [1;30mLevel 1[0m checking '/home/zhongrui/code/ws/install/center_msg_pkg/lib/python3.10/site-packages'
[4.627s] [34mcolcon.colcon_core.environment[0m [1;30mLevel 1[0m checking '/home/zhongrui/code/ws/install/center_msg_pkg/bin'
[4.627s] [34mcolcon.colcon_core.shell[0m [1;30mINFO[0m Creating package script '/home/zhongrui/code/ws/install/center_msg_pkg/share/center_msg_pkg/package.ps1'
[4.628s] [34mcolcon.colcon_core.shell[0m [1;30mINFO[0m Creating package descriptor '/home/zhongrui/code/ws/install/center_msg_pkg/share/center_msg_pkg/package.dsv'
[4.628s] [34mcolcon.colcon_core.shell[0m [1;30mINFO[0m Creating package script '/home/zhongrui/code/ws/install/center_msg_pkg/share/center_msg_pkg/package.sh'
[4.628s] [34mcolcon.colcon_core.shell[0m [1;30mINFO[0m Creating package script '/home/zhongrui/code/ws/install/center_msg_pkg/share/center_msg_pkg/package.bash'
[4.629s] [34mcolcon.colcon_core.shell[0m [1;30mINFO[0m Creating package script '/home/zhongrui/code/ws/install/center_msg_pkg/share/center_msg_pkg/package.zsh'
[4.629s] [34mcolcon.colcon_core.environment[0m [1;30mLevel 1[0m create_file_with_runtime_dependencies(/home/zhongrui/code/ws/install/center_msg_pkg/share/colcon-core/packages/center_msg_pkg)
[4.630s] [34mcolcon.colcon_core.environment[0m [1;30mLevel 1[0m create_environment_scripts_only(center_msg_pkg)
[4.630s] [34mcolcon.colcon_core.environment[0m [1;30mLevel 1[0m checking '/home/zhongrui/code/ws/install/center_msg_pkg' for CMake module files
[4.630s] [34mcolcon.colcon_core.environment[0m [1;30mLevel 1[0m checking '/home/zhongrui/code/ws/install/center_msg_pkg' for CMake config files
[4.630s] [34mcolcon.colcon_core.shell[0m [1;30mLevel 1[0m create_environment_hook('center_msg_pkg', 'cmake_prefix_path')
[4.630s] [34mcolcon.colcon_core.shell[0m [1;30mINFO[0m Creating environment hook '/home/zhongrui/code/ws/install/center_msg_pkg/share/center_msg_pkg/hook/cmake_prefix_path.ps1'
[4.631s] [34mcolcon.colcon_core.shell[0m [1;30mINFO[0m Creating environment descriptor '/home/zhongrui/code/ws/install/center_msg_pkg/share/center_msg_pkg/hook/cmake_prefix_path.dsv'
[4.631s] [34mcolcon.colcon_core.shell[0m [1;30mINFO[0m Creating environment hook '/home/zhongrui/code/ws/install/center_msg_pkg/share/center_msg_pkg/hook/cmake_prefix_path.sh'
[4.631s] [34mcolcon.colcon_core.environment[0m [1;30mLevel 1[0m checking '/home/zhongrui/code/ws/install/center_msg_pkg/lib'
[4.631s] [34mcolcon.colcon_core.shell[0m [1;30mLevel 1[0m create_environment_hook('center_msg_pkg', 'ld_library_path_lib')
[4.631s] [34mcolcon.colcon_core.shell[0m [1;30mINFO[0m Creating environment hook '/home/zhongrui/code/ws/install/center_msg_pkg/share/center_msg_pkg/hook/ld_library_path_lib.ps1'
[4.631s] [34mcolcon.colcon_core.shell[0m [1;30mINFO[0m Creating environment descriptor '/home/zhongrui/code/ws/install/center_msg_pkg/share/center_msg_pkg/hook/ld_library_path_lib.dsv'
[4.632s] [34mcolcon.colcon_core.shell[0m [1;30mINFO[0m Creating environment hook '/home/zhongrui/code/ws/install/center_msg_pkg/share/center_msg_pkg/hook/ld_library_path_lib.sh'
[4.632s] [34mcolcon.colcon_core.environment[0m [1;30mLevel 1[0m checking '/home/zhongrui/code/ws/install/center_msg_pkg/bin'
[4.632s] [34mcolcon.colcon_core.environment[0m [1;30mLevel 1[0m checking '/home/zhongrui/code/ws/install/center_msg_pkg/lib/pkgconfig/center_msg_pkg.pc'
[4.632s] [34mcolcon.colcon_core.environment[0m [1;30mLevel 1[0m checking '/home/zhongrui/code/ws/install/center_msg_pkg/lib/python3.10/site-packages'
[4.632s] [34mcolcon.colcon_core.environment[0m [1;30mLevel 1[0m checking '/home/zhongrui/code/ws/install/center_msg_pkg/bin'
[4.632s] [34mcolcon.colcon_core.shell[0m [1;30mINFO[0m Creating package script '/home/zhongrui/code/ws/install/center_msg_pkg/share/center_msg_pkg/package.ps1'
[4.633s] [34mcolcon.colcon_core.shell[0m [1;30mINFO[0m Creating package descriptor '/home/zhongrui/code/ws/install/center_msg_pkg/share/center_msg_pkg/package.dsv'
[4.633s] [34mcolcon.colcon_core.shell[0m [1;30mINFO[0m Creating package script '/home/zhongrui/code/ws/install/center_msg_pkg/share/center_msg_pkg/package.sh'
[4.633s] [34mcolcon.colcon_core.shell[0m [1;30mINFO[0m Creating package script '/home/zhongrui/code/ws/install/center_msg_pkg/share/center_msg_pkg/package.bash'
[4.633s] [34mcolcon.colcon_core.shell[0m [1;30mINFO[0m Creating package script '/home/zhongrui/code/ws/install/center_msg_pkg/share/center_msg_pkg/package.zsh'
[4.633s] [34mcolcon.colcon_core.environment[0m [1;30mLevel 1[0m create_file_with_runtime_dependencies(/home/zhongrui/code/ws/install/center_msg_pkg/share/colcon-core/packages/center_msg_pkg)
[4.634s] [34mcolcon.colcon_ros.task.ament_cmake.build[0m [1;30mINFO[0m Building ROS package in '/home/zhongrui/code/ws/src/yolo_xy_pkg' with build type 'ament_cmake'
[4.634s] [34mcolcon.colcon_cmake.task.cmake.build[0m [1;30mINFO[0m Building CMake package in '/home/zhongrui/code/ws/src/yolo_xy_pkg'
[4.634s] [34mcolcon.colcon_core.shell[0m [1;30mINFO[0m Skip shell extension 'powershell' for command environment: Not usable outside of PowerShell
[4.634s] [34mcolcon.colcon_core.shell[0m [1;30mDEBUG[0m [32mSkip shell extension 'dsv' for command environment[0m
[4.643s] [34mcolcon.colcon_core.event_handler.log_command[0m [1;30mDEBUG[0m [32mInvoking command in '/home/zhongrui/code/ws/build/yolo_xy_pkg': AMENT_PREFIX_PATH=/home/zhongrui/code/ws/install/center_msg_pkg:${AMENT_PREFIX_PATH} CMAKE_PREFIX_PATH=/home/zhongrui/code/ws/install/center_msg_pkg:/opt/ros/humble LD_LIBRARY_PATH=/home/zhongrui/code/ws/install/center_msg_pkg/lib:/opt/MVS/lib/64:/opt/MVS/lib/32:/usr/local/lib:/usr/lib/x86_64-linux-gnu/gazebo-11/plugins:/opt/ros/humble/opt/rviz_ogre_vendor/lib:/opt/ros/humble/lib/x86_64-linux-gnu:/opt/ros/humble/lib:/opt/MVS/lib/64:/opt/MVS/lib/32:/opt/MVS/lib/64:/opt/MVS/lib/32 PYTHONPATH=/home/zhongrui/code/ws/install/center_msg_pkg/local/lib/python3.10/dist-packages:${PYTHONPATH} /home/zhongrui/bin/cmake /home/zhongrui/code/ws/src/yolo_xy_pkg -DCMAKE_INSTALL_PREFIX=/home/zhongrui/code/ws/install/yolo_xy_pkg[0m
[5.585s] [34mcolcon.colcon_core.event_handler.log_command[0m [1;30mDEBUG[0m [32mInvoked command in '/home/zhongrui/code/ws/build/yolo_xy_pkg' returned '0': AMENT_PREFIX_PATH=/home/zhongrui/code/ws/install/center_msg_pkg:${AMENT_PREFIX_PATH} CMAKE_PREFIX_PATH=/home/zhongrui/code/ws/install/center_msg_pkg:/opt/ros/humble LD_LIBRARY_PATH=/home/zhongrui/code/ws/install/center_msg_pkg/lib:/opt/MVS/lib/64:/opt/MVS/lib/32:/usr/local/lib:/usr/lib/x86_64-linux-gnu/gazebo-11/plugins:/opt/ros/humble/opt/rviz_ogre_vendor/lib:/opt/ros/humble/lib/x86_64-linux-gnu:/opt/ros/humble/lib:/opt/MVS/lib/64:/opt/MVS/lib/32:/opt/MVS/lib/64:/opt/MVS/lib/32 PYTHONPATH=/home/zhongrui/code/ws/install/center_msg_pkg/local/lib/python3.10/dist-packages:${PYTHONPATH} /home/zhongrui/bin/cmake /home/zhongrui/code/ws/src/yolo_xy_pkg -DCMAKE_INSTALL_PREFIX=/home/zhongrui/code/ws/install/yolo_xy_pkg[0m
[5.587s] [34mcolcon.colcon_core.event_handler.log_command[0m [1;30mDEBUG[0m [32mInvoking command in '/home/zhongrui/code/ws/build/yolo_xy_pkg': AMENT_PREFIX_PATH=/home/zhongrui/code/ws/install/center_msg_pkg:${AMENT_PREFIX_PATH} CMAKE_PREFIX_PATH=/home/zhongrui/code/ws/install/center_msg_pkg:/opt/ros/humble LD_LIBRARY_PATH=/home/zhongrui/code/ws/install/center_msg_pkg/lib:/opt/MVS/lib/64:/opt/MVS/lib/32:/usr/local/lib:/usr/lib/x86_64-linux-gnu/gazebo-11/plugins:/opt/ros/humble/opt/rviz_ogre_vendor/lib:/opt/ros/humble/lib/x86_64-linux-gnu:/opt/ros/humble/lib:/opt/MVS/lib/64:/opt/MVS/lib/32:/opt/MVS/lib/64:/opt/MVS/lib/32 PYTHONPATH=/home/zhongrui/code/ws/install/center_msg_pkg/local/lib/python3.10/dist-packages:${PYTHONPATH} /home/zhongrui/bin/cmake --build /home/zhongrui/code/ws/build/yolo_xy_pkg -- -j16 -l16[0m
[29.840s] [34mcolcon.colcon_core.event_handler.log_command[0m [1;30mDEBUG[0m [32mInvoked command in '/home/zhongrui/code/ws/build/yolo_xy_pkg' returned '0': AMENT_PREFIX_PATH=/home/zhongrui/code/ws/install/center_msg_pkg:${AMENT_PREFIX_PATH} CMAKE_PREFIX_PATH=/home/zhongrui/code/ws/install/center_msg_pkg:/opt/ros/humble LD_LIBRARY_PATH=/home/zhongrui/code/ws/install/center_msg_pkg/lib:/opt/MVS/lib/64:/opt/MVS/lib/32:/usr/local/lib:/usr/lib/x86_64-linux-gnu/gazebo-11/plugins:/opt/ros/humble/opt/rviz_ogre_vendor/lib:/opt/ros/humble/lib/x86_64-linux-gnu:/opt/ros/humble/lib:/opt/MVS/lib/64:/opt/MVS/lib/32:/opt/MVS/lib/64:/opt/MVS/lib/32 PYTHONPATH=/home/zhongrui/code/ws/install/center_msg_pkg/local/lib/python3.10/dist-packages:${PYTHONPATH} /home/zhongrui/bin/cmake --build /home/zhongrui/code/ws/build/yolo_xy_pkg -- -j16 -l16[0m
[29.841s] [34mcolcon.colcon_core.event_handler.log_command[0m [1;30mDEBUG[0m [32mInvoking command in '/home/zhongrui/code/ws/build/yolo_xy_pkg': AMENT_PREFIX_PATH=/home/zhongrui/code/ws/install/center_msg_pkg:${AMENT_PREFIX_PATH} CMAKE_PREFIX_PATH=/home/zhongrui/code/ws/install/center_msg_pkg:/opt/ros/humble LD_LIBRARY_PATH=/home/zhongrui/code/ws/install/center_msg_pkg/lib:/opt/MVS/lib/64:/opt/MVS/lib/32:/usr/local/lib:/usr/lib/x86_64-linux-gnu/gazebo-11/plugins:/opt/ros/humble/opt/rviz_ogre_vendor/lib:/opt/ros/humble/lib/x86_64-linux-gnu:/opt/ros/humble/lib:/opt/MVS/lib/64:/opt/MVS/lib/32:/opt/MVS/lib/64:/opt/MVS/lib/32 PYTHONPATH=/home/zhongrui/code/ws/install/center_msg_pkg/local/lib/python3.10/dist-packages:${PYTHONPATH} /home/zhongrui/bin/cmake --install /home/zhongrui/code/ws/build/yolo_xy_pkg[0m
[29.848s] [34mcolcon.colcon_core.environment[0m [1;30mLevel 1[0m create_environment_scripts_only(yolo_xy_pkg)
[29.848s] [34mcolcon.colcon_core.environment[0m [1;30mLevel 1[0m checking '/home/zhongrui/code/ws/install/yolo_xy_pkg' for CMake module files
[29.849s] [34mcolcon.colcon_core.event_handler.log_command[0m [1;30mDEBUG[0m [32mInvoked command in '/home/zhongrui/code/ws/build/yolo_xy_pkg' returned '0': AMENT_PREFIX_PATH=/home/zhongrui/code/ws/install/center_msg_pkg:${AMENT_PREFIX_PATH} CMAKE_PREFIX_PATH=/home/zhongrui/code/ws/install/center_msg_pkg:/opt/ros/humble LD_LIBRARY_PATH=/home/zhongrui/code/ws/install/center_msg_pkg/lib:/opt/MVS/lib/64:/opt/MVS/lib/32:/usr/local/lib:/usr/lib/x86_64-linux-gnu/gazebo-11/plugins:/opt/ros/humble/opt/rviz_ogre_vendor/lib:/opt/ros/humble/lib/x86_64-linux-gnu:/opt/ros/humble/lib:/opt/MVS/lib/64:/opt/MVS/lib/32:/opt/MVS/lib/64:/opt/MVS/lib/32 PYTHONPATH=/home/zhongrui/code/ws/install/center_msg_pkg/local/lib/python3.10/dist-packages:${PYTHONPATH} /home/zhongrui/bin/cmake --install /home/zhongrui/code/ws/build/yolo_xy_pkg[0m
[29.849s] [34mcolcon.colcon_core.environment[0m [1;30mLevel 1[0m checking '/home/zhongrui/code/ws/install/yolo_xy_pkg' for CMake config files
[29.849s] [34mcolcon.colcon_core.shell[0m [1;30mLevel 1[0m create_environment_hook('yolo_xy_pkg', 'cmake_prefix_path')
[29.850s] [34mcolcon.colcon_core.shell[0m [1;30mINFO[0m Creating environment hook '/home/zhongrui/code/ws/install/yolo_xy_pkg/share/yolo_xy_pkg/hook/cmake_prefix_path.ps1'
[29.850s] [34mcolcon.colcon_core.shell[0m [1;30mINFO[0m Creating environment descriptor '/home/zhongrui/code/ws/install/yolo_xy_pkg/share/yolo_xy_pkg/hook/cmake_prefix_path.dsv'
[29.850s] [34mcolcon.colcon_core.shell[0m [1;30mINFO[0m Creating environment hook '/home/zhongrui/code/ws/install/yolo_xy_pkg/share/yolo_xy_pkg/hook/cmake_prefix_path.sh'
[29.851s] [34mcolcon.colcon_core.environment[0m [1;30mLevel 1[0m checking '/home/zhongrui/code/ws/install/yolo_xy_pkg/lib'
[29.851s] [34mcolcon.colcon_core.environment[0m [1;30mLevel 1[0m checking '/home/zhongrui/code/ws/install/yolo_xy_pkg/bin'
[29.851s] [34mcolcon.colcon_core.environment[0m [1;30mLevel 1[0m checking '/home/zhongrui/code/ws/install/yolo_xy_pkg/lib/pkgconfig/yolo_xy_pkg.pc'
[29.851s] [34mcolcon.colcon_core.environment[0m [1;30mLevel 1[0m checking '/home/zhongrui/code/ws/install/yolo_xy_pkg/lib/python3.10/site-packages'
[29.851s] [34mcolcon.colcon_core.environment[0m [1;30mLevel 1[0m checking '/home/zhongrui/code/ws/install/yolo_xy_pkg/bin'
[29.851s] [34mcolcon.colcon_core.shell[0m [1;30mINFO[0m Creating package script '/home/zhongrui/code/ws/install/yolo_xy_pkg/share/yolo_xy_pkg/package.ps1'
[29.851s] [34mcolcon.colcon_core.shell[0m [1;30mINFO[0m Creating package descriptor '/home/zhongrui/code/ws/install/yolo_xy_pkg/share/yolo_xy_pkg/package.dsv'
[29.852s] [34mcolcon.colcon_core.shell[0m [1;30mINFO[0m Creating package script '/home/zhongrui/code/ws/install/yolo_xy_pkg/share/yolo_xy_pkg/package.sh'
[29.852s] [34mcolcon.colcon_core.shell[0m [1;30mINFO[0m Creating package script '/home/zhongrui/code/ws/install/yolo_xy_pkg/share/yolo_xy_pkg/package.bash'
[29.852s] [34mcolcon.colcon_core.shell[0m [1;30mINFO[0m Creating package script '/home/zhongrui/code/ws/install/yolo_xy_pkg/share/yolo_xy_pkg/package.zsh'
[29.852s] [34mcolcon.colcon_core.environment[0m [1;30mLevel 1[0m create_file_with_runtime_dependencies(/home/zhongrui/code/ws/install/yolo_xy_pkg/share/colcon-core/packages/yolo_xy_pkg)
[29.853s] [34mcolcon.colcon_core.environment[0m [1;30mLevel 1[0m create_environment_scripts_only(yolo_xy_pkg)
[29.853s] [34mcolcon.colcon_core.environment[0m [1;30mLevel 1[0m checking '/home/zhongrui/code/ws/install/yolo_xy_pkg' for CMake module files
[29.853s] [34mcolcon.colcon_core.environment[0m [1;30mLevel 1[0m checking '/home/zhongrui/code/ws/install/yolo_xy_pkg' for CMake config files
[29.853s] [34mcolcon.colcon_core.shell[0m [1;30mLevel 1[0m create_environment_hook('yolo_xy_pkg', 'cmake_prefix_path')
[29.853s] [34mcolcon.colcon_core.shell[0m [1;30mINFO[0m Creating environment hook '/home/zhongrui/code/ws/install/yolo_xy_pkg/share/yolo_xy_pkg/hook/cmake_prefix_path.ps1'
[29.853s] [34mcolcon.colcon_core.shell[0m [1;30mINFO[0m Creating environment descriptor '/home/zhongrui/code/ws/install/yolo_xy_pkg/share/yolo_xy_pkg/hook/cmake_prefix_path.dsv'
[29.854s] [34mcolcon.colcon_core.shell[0m [1;30mINFO[0m Creating environment hook '/home/zhongrui/code/ws/install/yolo_xy_pkg/share/yolo_xy_pkg/hook/cmake_prefix_path.sh'
[29.854s] [34mcolcon.colcon_core.environment[0m [1;30mLevel 1[0m checking '/home/zhongrui/code/ws/install/yolo_xy_pkg/lib'
[29.854s] [34mcolcon.colcon_core.environment[0m [1;30mLevel 1[0m checking '/home/zhongrui/code/ws/install/yolo_xy_pkg/bin'
[29.854s] [34mcolcon.colcon_core.environment[0m [1;30mLevel 1[0m checking '/home/zhongrui/code/ws/install/yolo_xy_pkg/lib/pkgconfig/yolo_xy_pkg.pc'
[29.854s] [34mcolcon.colcon_core.environment[0m [1;30mLevel 1[0m checking '/home/zhongrui/code/ws/install/yolo_xy_pkg/lib/python3.10/site-packages'
[29.854s] [34mcolcon.colcon_core.environment[0m [1;30mLevel 1[0m checking '/home/zhongrui/code/ws/install/yolo_xy_pkg/bin'
[29.854s] [34mcolcon.colcon_core.shell[0m [1;30mINFO[0m Creating package script '/home/zhongrui/code/ws/install/yolo_xy_pkg/share/yolo_xy_pkg/package.ps1'
[29.855s] [34mcolcon.colcon_core.shell[0m [1;30mINFO[0m Creating package descriptor '/home/zhongrui/code/ws/install/yolo_xy_pkg/share/yolo_xy_pkg/package.dsv'
[29.855s] [34mcolcon.colcon_core.shell[0m [1;30mINFO[0m Creating package script '/home/zhongrui/code/ws/install/yolo_xy_pkg/share/yolo_xy_pkg/package.sh'
[29.855s] [34mcolcon.colcon_core.shell[0m [1;30mINFO[0m Creating package script '/home/zhongrui/code/ws/install/yolo_xy_pkg/share/yolo_xy_pkg/package.bash'
[29.855s] [34mcolcon.colcon_core.shell[0m [1;30mINFO[0m Creating package script '/home/zhongrui/code/ws/install/yolo_xy_pkg/share/yolo_xy_pkg/package.zsh'
[29.855s] [34mcolcon.colcon_core.environment[0m [1;30mLevel 1[0m create_file_with_runtime_dependencies(/home/zhongrui/code/ws/install/yolo_xy_pkg/share/colcon-core/packages/yolo_xy_pkg)
[29.856s] [34mcolcon.colcon_parallel_executor.executor.parallel[0m [1;30mDEBUG[0m [32mclosing loop[0m
[29.856s] [34mcolcon.colcon_parallel_executor.executor.parallel[0m [1;30mDEBUG[0m [32mloop closed[0m
[29.856s] [34mcolcon.colcon_parallel_executor.executor.parallel[0m [1;30mDEBUG[0m [32mrun_until_complete finished with '0'[0m
[29.856s] [34mcolcon.colcon_core.event_reactor[0m [1;30mDEBUG[0m [32mjoining thread[0m
[29.861s] [34mcolcon.colcon_core.plugin_system[0m [1;30mINFO[0m Skipping extension 'colcon_notification.desktop_notification.terminal_notifier': Not used on non-Darwin systems
[29.861s] [34mcolcon.colcon_core.plugin_system[0m [1;30mINFO[0m Skipping extension 'colcon_notification.desktop_notification.win32': Not used on non-Windows systems
[29.861s] [34mcolcon.colcon_notification.desktop_notification[0m [1;30mINFO[0m Sending desktop notification using 'notify2'
[29.874s] [34mcolcon.colcon_core.event_reactor[0m [1;30mDEBUG[0m [32mjoined thread[0m
[29.874s] [34mcolcon.colcon_core.shell[0m [1;30mINFO[0m Creating prefix script '/home/zhongrui/code/ws/install/local_setup.ps1'
[29.876s] [34mcolcon.colcon_core.shell[0m [1;30mINFO[0m Creating prefix util module '/home/zhongrui/code/ws/install/_local_setup_util_ps1.py'
[29.876s] [34mcolcon.colcon_core.shell[0m [1;30mINFO[0m Creating prefix chain script '/home/zhongrui/code/ws/install/setup.ps1'
[29.877s] [34mcolcon.colcon_core.shell[0m [1;30mINFO[0m Creating prefix script '/home/zhongrui/code/ws/install/local_setup.sh'
[29.877s] [34mcolcon.colcon_core.shell[0m [1;30mINFO[0m Creating prefix util module '/home/zhongrui/code/ws/install/_local_setup_util_sh.py'
[29.878s] [34mcolcon.colcon_core.shell[0m [1;30mINFO[0m Creating prefix chain script '/home/zhongrui/code/ws/install/setup.sh'
[29.878s] [34mcolcon.colcon_core.shell[0m [1;30mINFO[0m Creating prefix script '/home/zhongrui/code/ws/install/local_setup.bash'
[29.878s] [34mcolcon.colcon_core.shell[0m [1;30mINFO[0m Creating prefix chain script '/home/zhongrui/code/ws/install/setup.bash'
[29.879s] [34mcolcon.colcon_core.shell[0m [1;30mINFO[0m Creating prefix script '/home/zhongrui/code/ws/install/local_setup.zsh'
[29.879s] [34mcolcon.colcon_core.shell[0m [1;30mINFO[0m Creating prefix chain script '/home/zhongrui/code/ws/install/setup.zsh'
