[0.008s] Invoking command in '/home/zhongrui/code/ws/build/yolo_xy_pkg': AMENT_PREFIX_PATH=/home/zhongrui/code/ws/install/center_msg_pkg:${AMENT_PREFIX_PATH} CMAKE_PREFIX_PATH=/home/zhongrui/code/ws/install/center_msg_pkg:/opt/ros/humble LD_LIBRARY_PATH=/home/zhongrui/code/ws/install/center_msg_pkg/lib:/opt/MVS/lib/64:/opt/MVS/lib/32:/usr/local/lib:/opt/MVS/lib/64:/opt/MVS/lib/32:/usr/local/lib:/usr/lib/x86_64-linux-gnu/gazebo-11/plugins:/opt/ros/humble/opt/rviz_ogre_vendor/lib:/opt/ros/humble/lib/x86_64-linux-gnu:/opt/ros/humble/lib:/opt/MVS/lib/64:/opt/MVS/lib/32:/opt/MVS/lib/64:/opt/MVS/lib/32 PYTHONPATH=/home/zhongrui/code/ws/install/center_msg_pkg/local/lib/python3.10/dist-packages:${PYTHONPATH} /home/zhongrui/bin/cmake /home/zhongrui/code/ws/src/yolo_xy_pkg -DCMAKE_INSTALL_PREFIX=/home/zhongrui/code/ws/install/yolo_xy_pkg
[0.011s] [0mCMake Deprecation Warning at CMakeLists.txt:1 (cmake_minimum_required):
[0.011s]   Compatibility with CMake < 3.10 will be removed from a future version of
[0.011s]   CMake.
[0.011s] 
[0.012s]   Update the VERSION argument <min> value.  Or, use the <min>...<max> syntax
[0.012s]   to tell CMake that the project requires at least <min> but has been updated
[0.012s]   to work with policies introduced by <max> or earlier.
[0.012s] 
[0.012s] [0m
[0.049s] -- The C compiler identification is GNU 11.4.0
[0.105s] -- The CXX compiler identification is GNU 11.4.0
[0.111s] -- Detecting C compiler ABI info
[0.162s] -- Detecting C compiler ABI info - done
[0.173s] -- Check for working C compiler: /usr/bin/cc - skipped
[0.174s] -- Detecting C compile features
[0.174s] -- Detecting C compile features - done
[0.188s] -- Detecting CXX compiler ABI info
[0.253s] -- Detecting CXX compiler ABI info - done
[0.267s] -- Check for working CXX compiler: /usr/bin/c++ - skipped
[0.267s] -- Detecting CXX compile features
[0.267s] -- Detecting CXX compile features - done
[0.276s] -- Found ament_cmake: 1.3.12 (/opt/ros/humble/share/ament_cmake/cmake)
[0.377s] -- Found Python3: /usr/bin/python3 (found version "3.10.12") found components: Interpreter
[0.442s] -- Found rclcpp: 16.0.15 (/opt/ros/humble/share/rclcpp/cmake)
[0.480s] -- Found rosidl_generator_c: 3.1.7 (/opt/ros/humble/share/rosidl_generator_c/cmake)
[0.483s] -- Found rosidl_adapter: 3.1.7 (/opt/ros/humble/share/rosidl_adapter/cmake)
[0.489s] -- Found rosidl_generator_cpp: 3.1.7 (/opt/ros/humble/share/rosidl_generator_cpp/cmake)
[0.499s] -- Using all available rosidl_typesupport_c: rosidl_typesupport_fastrtps_c;rosidl_typesupport_introspection_c
[0.512s] -- Using all available rosidl_typesupport_cpp: rosidl_typesupport_fastrtps_cpp;rosidl_typesupport_introspection_cpp
[0.547s] -- Found rmw_implementation_cmake: 6.1.2 (/opt/ros/humble/share/rmw_implementation_cmake/cmake)
[0.549s] -- Found rmw_fastrtps_cpp: 6.2.8 (/opt/ros/humble/share/rmw_fastrtps_cpp/cmake)
[0.626s] -- Found OpenSSL: /usr/lib/x86_64-linux-gnu/libcrypto.so (found version "3.0.2")
[0.654s] -- Found FastRTPS: /opt/ros/humble/include
[0.696s] -- Using RMW implementation 'rmw_fastrtps_cpp' as default
[0.706s] -- Performing Test CMAKE_HAVE_LIBC_PTHREAD
[0.761s] -- Performing Test CMAKE_HAVE_LIBC_PTHREAD - Success
[0.762s] -- Found Threads: TRUE
[0.816s] -- Found OpenCV: /usr/local (found version "4.9.0")
[0.817s] -- Found cv_bridge: 3.2.1 (/opt/ros/humble/share/cv_bridge/cmake)
[0.849s] -- Found center_msg_pkg: 0.0.0 (/home/zhongrui/code/ws/install/center_msg_pkg/share/center_msg_pkg/cmake)
[0.860s] -- Found ament_lint_auto: 0.12.14 (/opt/ros/humble/share/ament_lint_auto/cmake)
[0.923s] -- Added test 'cppcheck' to perform static code analysis on C / C++ code
[0.923s] -- Configured cppcheck include dirs: /home/zhongrui/code/ws/src/yolo_xy_pkg/include
[0.923s] -- Configured cppcheck exclude dirs and/or files: 
[0.924s] -- Added test 'lint_cmake' to check CMake code style
[0.925s] -- Added test 'uncrustify' to check C / C++ code style
[0.925s] -- Configured uncrustify additional arguments: 
[0.925s] -- Added test 'xmllint' to check XML markup files
[0.926s] -- Configuring done (0.9s)
[0.941s] -- Generating done (0.0s)
[0.943s] -- Build files have been written to: /home/zhongrui/code/ws/build/yolo_xy_pkg
[0.952s] Invoked command in '/home/zhongrui/code/ws/build/yolo_xy_pkg' returned '0': AMENT_PREFIX_PATH=/home/zhongrui/code/ws/install/center_msg_pkg:${AMENT_PREFIX_PATH} CMAKE_PREFIX_PATH=/home/zhongrui/code/ws/install/center_msg_pkg:/opt/ros/humble LD_LIBRARY_PATH=/home/zhongrui/code/ws/install/center_msg_pkg/lib:/opt/MVS/lib/64:/opt/MVS/lib/32:/usr/local/lib:/opt/MVS/lib/64:/opt/MVS/lib/32:/usr/local/lib:/usr/lib/x86_64-linux-gnu/gazebo-11/plugins:/opt/ros/humble/opt/rviz_ogre_vendor/lib:/opt/ros/humble/lib/x86_64-linux-gnu:/opt/ros/humble/lib:/opt/MVS/lib/64:/opt/MVS/lib/32:/opt/MVS/lib/64:/opt/MVS/lib/32 PYTHONPATH=/home/zhongrui/code/ws/install/center_msg_pkg/local/lib/python3.10/dist-packages:${PYTHONPATH} /home/zhongrui/bin/cmake /home/zhongrui/code/ws/src/yolo_xy_pkg -DCMAKE_INSTALL_PREFIX=/home/zhongrui/code/ws/install/yolo_xy_pkg
[0.954s] Invoking command in '/home/zhongrui/code/ws/build/yolo_xy_pkg': AMENT_PREFIX_PATH=/home/zhongrui/code/ws/install/center_msg_pkg:${AMENT_PREFIX_PATH} CMAKE_PREFIX_PATH=/home/zhongrui/code/ws/install/center_msg_pkg:/opt/ros/humble LD_LIBRARY_PATH=/home/zhongrui/code/ws/install/center_msg_pkg/lib:/opt/MVS/lib/64:/opt/MVS/lib/32:/usr/local/lib:/opt/MVS/lib/64:/opt/MVS/lib/32:/usr/local/lib:/usr/lib/x86_64-linux-gnu/gazebo-11/plugins:/opt/ros/humble/opt/rviz_ogre_vendor/lib:/opt/ros/humble/lib/x86_64-linux-gnu:/opt/ros/humble/lib:/opt/MVS/lib/64:/opt/MVS/lib/32:/opt/MVS/lib/64:/opt/MVS/lib/32 PYTHONPATH=/home/zhongrui/code/ws/install/center_msg_pkg/local/lib/python3.10/dist-packages:${PYTHONPATH} /home/zhongrui/bin/cmake --build /home/zhongrui/code/ws/build/yolo_xy_pkg -- -j16 -l16
[0.978s] [ 33%] [32mBuilding CXX object CMakeFiles/yolo_xy_node.dir/src/main.cpp.o[0m
[0.979s] [ 66%] [32mBuilding CXX object CMakeFiles/yolo_xy_node.dir/src/inference.cpp.o[0m
[8.538s] [100%] [32m[1mLinking CXX executable yolo_xy_node[0m
[8.724s] /usr/bin/ld: warning: libopencv_imgcodecs.so.4.5d, needed by /opt/ros/humble/lib/libcv_bridge.so, may conflict with libopencv_imgcodecs.so.409
[8.724s] /usr/bin/ld: warning: libopencv_imgproc.so.4.5d, needed by /opt/ros/humble/lib/libcv_bridge.so, may conflict with libopencv_imgproc.so.409
[8.724s] /usr/bin/ld: warning: libopencv_core.so.4.5d, needed by /opt/ros/humble/lib/libcv_bridge.so, may conflict with libopencv_core.so.409
[9.103s] [100%] Built target yolo_xy_node
[9.107s] Invoked command in '/home/zhongrui/code/ws/build/yolo_xy_pkg' returned '0': AMENT_PREFIX_PATH=/home/zhongrui/code/ws/install/center_msg_pkg:${AMENT_PREFIX_PATH} CMAKE_PREFIX_PATH=/home/zhongrui/code/ws/install/center_msg_pkg:/opt/ros/humble LD_LIBRARY_PATH=/home/zhongrui/code/ws/install/center_msg_pkg/lib:/opt/MVS/lib/64:/opt/MVS/lib/32:/usr/local/lib:/opt/MVS/lib/64:/opt/MVS/lib/32:/usr/local/lib:/usr/lib/x86_64-linux-gnu/gazebo-11/plugins:/opt/ros/humble/opt/rviz_ogre_vendor/lib:/opt/ros/humble/lib/x86_64-linux-gnu:/opt/ros/humble/lib:/opt/MVS/lib/64:/opt/MVS/lib/32:/opt/MVS/lib/64:/opt/MVS/lib/32 PYTHONPATH=/home/zhongrui/code/ws/install/center_msg_pkg/local/lib/python3.10/dist-packages:${PYTHONPATH} /home/zhongrui/bin/cmake --build /home/zhongrui/code/ws/build/yolo_xy_pkg -- -j16 -l16
[9.108s] Invoking command in '/home/zhongrui/code/ws/build/yolo_xy_pkg': AMENT_PREFIX_PATH=/home/zhongrui/code/ws/install/center_msg_pkg:${AMENT_PREFIX_PATH} CMAKE_PREFIX_PATH=/home/zhongrui/code/ws/install/center_msg_pkg:/opt/ros/humble LD_LIBRARY_PATH=/home/zhongrui/code/ws/install/center_msg_pkg/lib:/opt/MVS/lib/64:/opt/MVS/lib/32:/usr/local/lib:/opt/MVS/lib/64:/opt/MVS/lib/32:/usr/local/lib:/usr/lib/x86_64-linux-gnu/gazebo-11/plugins:/opt/ros/humble/opt/rviz_ogre_vendor/lib:/opt/ros/humble/lib/x86_64-linux-gnu:/opt/ros/humble/lib:/opt/MVS/lib/64:/opt/MVS/lib/32:/opt/MVS/lib/64:/opt/MVS/lib/32 PYTHONPATH=/home/zhongrui/code/ws/install/center_msg_pkg/local/lib/python3.10/dist-packages:${PYTHONPATH} /home/zhongrui/bin/cmake --install /home/zhongrui/code/ws/build/yolo_xy_pkg
[9.110s] -- Install configuration: ""
[9.110s] -- Installing: /home/zhongrui/code/ws/install/yolo_xy_pkg/lib/yolo_xy_pkg/yolo_xy_node
[9.114s] -- Set non-toolchain portion of runtime path of "/home/zhongrui/code/ws/install/yolo_xy_pkg/lib/yolo_xy_pkg/yolo_xy_node" to ""
[9.114s] -- Installing: /home/zhongrui/code/ws/install/yolo_xy_pkg/share/yolo_xy_pkg/config
[9.114s] -- Installing: /home/zhongrui/code/ws/install/yolo_xy_pkg/share/yolo_xy_pkg/config/para.yaml
[9.114s] -- Installing: /home/zhongrui/code/ws/install/yolo_xy_pkg/share/ament_index/resource_index/package_run_dependencies/yolo_xy_pkg
[9.114s] -- Installing: /home/zhongrui/code/ws/install/yolo_xy_pkg/share/ament_index/resource_index/parent_prefix_path/yolo_xy_pkg
[9.114s] -- Installing: /home/zhongrui/code/ws/install/yolo_xy_pkg/share/yolo_xy_pkg/environment/ament_prefix_path.sh
[9.114s] -- Installing: /home/zhongrui/code/ws/install/yolo_xy_pkg/share/yolo_xy_pkg/environment/ament_prefix_path.dsv
[9.114s] -- Installing: /home/zhongrui/code/ws/install/yolo_xy_pkg/share/yolo_xy_pkg/environment/path.sh
[9.114s] -- Installing: /home/zhongrui/code/ws/install/yolo_xy_pkg/share/yolo_xy_pkg/environment/path.dsv
[9.114s] -- Installing: /home/zhongrui/code/ws/install/yolo_xy_pkg/share/yolo_xy_pkg/local_setup.bash
[9.114s] -- Installing: /home/zhongrui/code/ws/install/yolo_xy_pkg/share/yolo_xy_pkg/local_setup.sh
[9.115s] -- Installing: /home/zhongrui/code/ws/install/yolo_xy_pkg/share/yolo_xy_pkg/local_setup.zsh
[9.115s] -- Installing: /home/zhongrui/code/ws/install/yolo_xy_pkg/share/yolo_xy_pkg/local_setup.dsv
[9.115s] -- Installing: /home/zhongrui/code/ws/install/yolo_xy_pkg/share/yolo_xy_pkg/package.dsv
[9.115s] -- Installing: /home/zhongrui/code/ws/install/yolo_xy_pkg/share/ament_index/resource_index/packages/yolo_xy_pkg
[9.115s] -- Installing: /home/zhongrui/code/ws/install/yolo_xy_pkg/share/yolo_xy_pkg/cmake/yolo_xy_pkgConfig.cmake
[9.115s] -- Installing: /home/zhongrui/code/ws/install/yolo_xy_pkg/share/yolo_xy_pkg/cmake/yolo_xy_pkgConfig-version.cmake
[9.115s] -- Installing: /home/zhongrui/code/ws/install/yolo_xy_pkg/share/yolo_xy_pkg/package.xml
[9.117s] Invoked command in '/home/zhongrui/code/ws/build/yolo_xy_pkg' returned '0': AMENT_PREFIX_PATH=/home/zhongrui/code/ws/install/center_msg_pkg:${AMENT_PREFIX_PATH} CMAKE_PREFIX_PATH=/home/zhongrui/code/ws/install/center_msg_pkg:/opt/ros/humble LD_LIBRARY_PATH=/home/zhongrui/code/ws/install/center_msg_pkg/lib:/opt/MVS/lib/64:/opt/MVS/lib/32:/usr/local/lib:/opt/MVS/lib/64:/opt/MVS/lib/32:/usr/local/lib:/usr/lib/x86_64-linux-gnu/gazebo-11/plugins:/opt/ros/humble/opt/rviz_ogre_vendor/lib:/opt/ros/humble/lib/x86_64-linux-gnu:/opt/ros/humble/lib:/opt/MVS/lib/64:/opt/MVS/lib/32:/opt/MVS/lib/64:/opt/MVS/lib/32 PYTHONPATH=/home/zhongrui/code/ws/install/center_msg_pkg/local/lib/python3.10/dist-packages:${PYTHONPATH} /home/zhongrui/bin/cmake --install /home/zhongrui/code/ws/build/yolo_xy_pkg
