[0.008s] Invoking command in '/home/zhongrui/code/ws/build/center_msg_pkg': CMAKE_PREFIX_PATH=/opt/ros/humble /home/zhongrui/bin/cmake /home/zhongrui/code/ws/src/center_msg_pkg -DCMAKE_INSTALL_PREFIX=/home/zhongrui/code/ws/install/center_msg_pkg
[0.013s] [0mCMake Deprecation Warning at CMakeLists.txt:1 (cmake_minimum_required):
[0.013s]   Compatibility with CMake < 3.10 will be removed from a future version of
[0.013s]   CMake.
[0.013s] 
[0.013s]   Update the VERSION argument <min> value.  Or, use the <min>...<max> syntax
[0.013s]   to tell CMake that the project requires at least <min> but has been updated
[0.014s]   to work with policies introduced by <max> or earlier.
[0.014s] 
[0.014s] [0m
[0.049s] -- The C compiler identification is GNU 11.4.0
[0.104s] -- The CXX compiler identification is GNU 11.4.0
[0.110s] -- Detecting C compiler ABI info
[0.157s] -- Detecting C compiler ABI info - done
[0.169s] -- Check for working C compiler: /usr/bin/cc - skipped
[0.169s] -- Detecting C compile features
[0.169s] -- Detecting C compile features - done
[0.181s] -- Detecting CXX compiler ABI info
[0.240s] -- Detecting CXX compiler ABI info - done
[0.252s] -- Check for working CXX compiler: /usr/bin/c++ - skipped
[0.253s] -- Detecting CXX compile features
[0.253s] -- Detecting CXX compile features - done
[0.262s] -- Found ament_cmake: 1.3.12 (/opt/ros/humble/share/ament_cmake/cmake)
[0.365s] -- Found Python3: /usr/bin/python3 (found version "3.10.12") found components: Interpreter
[0.429s] -- Found rosidl_default_generators: 1.2.0 (/opt/ros/humble/share/rosidl_default_generators/cmake)
[0.430s] -- Using all available rosidl_typesupport_c: rosidl_typesupport_fastrtps_c;rosidl_typesupport_introspection_c
[0.435s] -- Found rosidl_adapter: 3.1.7 (/opt/ros/humble/share/rosidl_adapter/cmake)
[0.467s] -- Using all available rosidl_typesupport_cpp: rosidl_typesupport_fastrtps_cpp;rosidl_typesupport_introspection_cpp
[0.767s] -- Found ament_cmake_ros: 0.10.0 (/opt/ros/humble/share/ament_cmake_ros/cmake)
[1.057s] -- Using all available rosidl_typesupport_c: rosidl_typesupport_fastrtps_c;rosidl_typesupport_introspection_c
[1.441s] -- Using all available rosidl_typesupport_cpp: rosidl_typesupport_fastrtps_cpp;rosidl_typesupport_introspection_cpp
[1.443s] [33mCMake Warning (dev) at /opt/ros/humble/share/rosidl_generator_py/cmake/rosidl_generator_py_generate_interfaces.cmake:20 (find_package):
[1.443s]   Policy CMP0148 is not set: The FindPythonInterp and FindPythonLibs modules
[1.443s]   are removed.  Run "cmake --help-policy CMP0148" for policy details.  Use
[1.443s]   the cmake_policy command to set the policy and suppress this warning.
[1.443s] 
[1.443s] Call Stack (most recent call first):
[1.443s]   /opt/ros/humble/share/ament_cmake_core/cmake/core/ament_execute_extensions.cmake:48 (include)
[1.443s]   /opt/ros/humble/share/rosidl_cmake/cmake/rosidl_generate_interfaces.cmake:286 (ament_execute_extensions)
[1.443s]   CMakeLists.txt:13 (rosidl_generate_interfaces)
[1.443s] This warning is for project developers.  Use -Wno-dev to suppress it.
[1.443s] [0m
[1.460s] -- Found PythonInterp: /usr/bin/python3 (found suitable version "3.10.12", minimum required is "3.6")
[1.461s] -- Found python_cmake_module: 0.10.0 (/opt/ros/humble/share/python_cmake_module/cmake)
[1.462s] [33mCMake Warning (dev) at /opt/ros/humble/share/python_cmake_module/cmake/Modules/FindPythonExtra.cmake:52 (find_package):
[1.462s]   Policy CMP0148 is not set: The FindPythonInterp and FindPythonLibs modules
[1.462s]   are removed.  Run "cmake --help-policy CMP0148" for policy details.  Use
[1.462s]   the cmake_policy command to set the policy and suppress this warning.
[1.462s] 
[1.462s] Call Stack (most recent call first):
[1.462s]   /opt/ros/humble/share/rosidl_generator_py/cmake/rosidl_generator_py_generate_interfaces.cmake:23 (find_package)
[1.462s]   /opt/ros/humble/share/ament_cmake_core/cmake/core/ament_execute_extensions.cmake:48 (include)
[1.462s]   /opt/ros/humble/share/rosidl_cmake/cmake/rosidl_generate_interfaces.cmake:286 (ament_execute_extensions)
[1.462s]   CMakeLists.txt:13 (rosidl_generate_interfaces)
[1.462s] This warning is for project developers.  Use -Wno-dev to suppress it.
[1.462s] [0m
[1.476s] [33mCMake Warning (dev) at /opt/ros/humble/share/python_cmake_module/cmake/Modules/FindPythonExtra.cmake:140 (find_package):
[1.476s]   Policy CMP0148 is not set: The FindPythonInterp and FindPythonLibs modules
[1.476s]   are removed.  Run "cmake --help-policy CMP0148" for policy details.  Use
[1.476s]   the cmake_policy command to set the policy and suppress this warning.
[1.476s] 
[1.476s] Call Stack (most recent call first):
[1.476s]   /opt/ros/humble/share/rosidl_generator_py/cmake/rosidl_generator_py_generate_interfaces.cmake:23 (find_package)
[1.476s]   /opt/ros/humble/share/ament_cmake_core/cmake/core/ament_execute_extensions.cmake:48 (include)
[1.476s]   /opt/ros/humble/share/rosidl_cmake/cmake/rosidl_generate_interfaces.cmake:286 (ament_execute_extensions)
[1.476s]   CMakeLists.txt:13 (rosidl_generate_interfaces)
[1.476s] This warning is for project developers.  Use -Wno-dev to suppress it.
[1.476s] [0m
[1.481s] -- Found PythonLibs: /usr/lib/x86_64-linux-gnu/libpython3.10.so (found suitable version "3.10.12", minimum required is "3.5")
[1.481s] -- Using PYTHON_EXECUTABLE: /usr/bin/python3
[1.481s] -- Using PYTHON_INCLUDE_DIRS: /usr/include/python3.10
[1.481s] -- Using PYTHON_LIBRARIES: /usr/lib/x86_64-linux-gnu/libpython3.10.so
[1.497s] -- Found PythonExtra: .so
[1.519s] -- Found ament_lint_auto: 0.12.14 (/opt/ros/humble/share/ament_lint_auto/cmake)
[1.531s] -- Added test 'lint_cmake' to check CMake code style
[1.532s] -- Added test 'xmllint' to check XML markup files
[1.534s] -- Configuring done (1.5s)
[1.560s] -- Generating done (0.0s)
[1.565s] -- Build files have been written to: /home/zhongrui/code/ws/build/center_msg_pkg
[1.573s] Invoked command in '/home/zhongrui/code/ws/build/center_msg_pkg' returned '0': CMAKE_PREFIX_PATH=/opt/ros/humble /home/zhongrui/bin/cmake /home/zhongrui/code/ws/src/center_msg_pkg -DCMAKE_INSTALL_PREFIX=/home/zhongrui/code/ws/install/center_msg_pkg
[1.574s] Invoking command in '/home/zhongrui/code/ws/build/center_msg_pkg': CMAKE_PREFIX_PATH=/opt/ros/humble /home/zhongrui/bin/cmake --build /home/zhongrui/code/ws/build/center_msg_pkg -- -j16 -l16
[1.592s] [  2%] [34m[1mGenerating C code for ROS interfaces[0m
[1.595s] [  5%] [34m[1mGenerating C++ code for ROS interfaces[0m
[1.597s] [  5%] Built target ament_cmake_python_copy_center_msg_pkg
[1.771s] running egg_info
[1.772s] creating center_msg_pkg.egg-info
[1.772s] writing center_msg_pkg.egg-info/PKG-INFO
[1.772s] writing dependency_links to center_msg_pkg.egg-info/dependency_links.txt
[1.772s] writing top-level names to center_msg_pkg.egg-info/top_level.txt
[1.772s] writing manifest file 'center_msg_pkg.egg-info/SOURCES.txt'
[1.774s] reading manifest file 'center_msg_pkg.egg-info/SOURCES.txt'
[1.774s] writing manifest file 'center_msg_pkg.egg-info/SOURCES.txt'
[1.776s] [  7%] [32mBuilding C object CMakeFiles/center_msg_pkg__rosidl_generator_c.dir/rosidl_generator_c/center_msg_pkg/msg/detail/center__functions.c.o[0m
[1.776s] [ 10%] [32mBuilding C object CMakeFiles/center_msg_pkg__rosidl_generator_c.dir/rosidl_generator_c/center_msg_pkg/msg/detail/singlecenter__functions.c.o[0m
[1.779s] [ 10%] Built target center_msg_pkg__cpp
[1.782s] [ 12%] [34m[1mGenerating C++ type support for eProsima Fast-RTPS[0m
[1.782s] [ 15%] [34m[1mGenerating C++ introspection for ROS interfaces[0m
[1.782s] [ 17%] [34m[1mGenerating C++ type support dispatch for ROS interfaces[0m
[1.797s] [ 17%] Built target ament_cmake_python_build_center_msg_pkg_egg
[1.808s] [ 20%] [32m[1mLinking C shared library libcenter_msg_pkg__rosidl_generator_c.so[0m
[1.831s] [ 20%] Built target center_msg_pkg__rosidl_generator_c
[1.835s] [ 25%] [34m[1mGenerating C type support for eProsima Fast-RTPS[0m
[1.835s] [ 28%] [34m[1mGenerating C type support dispatch for ROS interfaces[0m
[1.835s] [ 28%] [34m[1mGenerating C introspection for ROS interfaces[0m
[1.965s] [ 33%] [32mBuilding CXX object CMakeFiles/center_msg_pkg__rosidl_typesupport_cpp.dir/rosidl_typesupport_cpp/center_msg_pkg/msg/center__type_support.cpp.o[0m
[1.965s] [ 33%] [32mBuilding CXX object CMakeFiles/center_msg_pkg__rosidl_typesupport_cpp.dir/rosidl_typesupport_cpp/center_msg_pkg/msg/singlecenter__type_support.cpp.o[0m
[1.983s] [ 35%] [32mBuilding CXX object CMakeFiles/center_msg_pkg__rosidl_typesupport_introspection_cpp.dir/rosidl_typesupport_introspection_cpp/center_msg_pkg/msg/detail/center__type_support.cpp.o[0m
[1.983s] [ 38%] [32mBuilding CXX object CMakeFiles/center_msg_pkg__rosidl_typesupport_introspection_cpp.dir/rosidl_typesupport_introspection_cpp/center_msg_pkg/msg/detail/singlecenter__type_support.cpp.o[0m
[1.986s] [ 41%] [32mBuilding CXX object CMakeFiles/center_msg_pkg__rosidl_typesupport_fastrtps_cpp.dir/rosidl_typesupport_fastrtps_cpp/center_msg_pkg/msg/detail/dds_fastrtps/center__type_support.cpp.o[0m
[1.987s] [ 43%] [32mBuilding CXX object CMakeFiles/center_msg_pkg__rosidl_typesupport_fastrtps_cpp.dir/rosidl_typesupport_fastrtps_cpp/center_msg_pkg/msg/detail/dds_fastrtps/singlecenter__type_support.cpp.o[0m
[2.041s] [ 48%] [32mBuilding CXX object CMakeFiles/center_msg_pkg__rosidl_typesupport_c.dir/rosidl_typesupport_c/center_msg_pkg/msg/center__type_support.cpp.o[0m
[2.041s] [ 48%] [32mBuilding CXX object CMakeFiles/center_msg_pkg__rosidl_typesupport_c.dir/rosidl_typesupport_c/center_msg_pkg/msg/singlecenter__type_support.cpp.o[0m
[2.052s] [ 51%] [32mBuilding C object CMakeFiles/center_msg_pkg__rosidl_typesupport_introspection_c.dir/rosidl_typesupport_introspection_c/center_msg_pkg/msg/detail/center__type_support.c.o[0m
[2.053s] [ 53%] [32mBuilding C object CMakeFiles/center_msg_pkg__rosidl_typesupport_introspection_c.dir/rosidl_typesupport_introspection_c/center_msg_pkg/msg/detail/singlecenter__type_support.c.o[0m
[2.059s] [ 58%] [32mBuilding CXX object CMakeFiles/center_msg_pkg__rosidl_typesupport_fastrtps_c.dir/rosidl_typesupport_fastrtps_c/center_msg_pkg/msg/detail/singlecenter__type_support_c.cpp.o[0m
[2.059s] [ 58%] [32mBuilding CXX object CMakeFiles/center_msg_pkg__rosidl_typesupport_fastrtps_c.dir/rosidl_typesupport_fastrtps_c/center_msg_pkg/msg/detail/center__type_support_c.cpp.o[0m
[2.072s] [ 61%] [32m[1mLinking CXX shared library libcenter_msg_pkg__rosidl_typesupport_c.so[0m
[2.095s] [ 64%] [32m[1mLinking C shared library libcenter_msg_pkg__rosidl_typesupport_introspection_c.so[0m
[2.114s] [ 64%] Built target center_msg_pkg__rosidl_typesupport_c
[2.119s] [ 64%] Built target center_msg_pkg__rosidl_typesupport_introspection_c
[2.218s] [ 66%] [32m[1mLinking CXX shared library libcenter_msg_pkg__rosidl_typesupport_cpp.so[0m
[2.247s] [ 66%] Built target center_msg_pkg__rosidl_typesupport_cpp
[2.338s] [ 69%] [32m[1mLinking CXX shared library libcenter_msg_pkg__rosidl_typesupport_introspection_cpp.so[0m
[2.350s] [ 71%] [32m[1mLinking CXX shared library libcenter_msg_pkg__rosidl_typesupport_fastrtps_c.so[0m
[2.355s] [ 74%] [32m[1mLinking CXX shared library libcenter_msg_pkg__rosidl_typesupport_fastrtps_cpp.so[0m
[2.398s] [ 74%] Built target center_msg_pkg__rosidl_typesupport_introspection_cpp
[2.409s] [ 74%] Built target center_msg_pkg__rosidl_typesupport_fastrtps_c
[2.409s] [ 74%] Built target center_msg_pkg__rosidl_typesupport_fastrtps_cpp
[2.417s] [ 74%] Built target center_msg_pkg
[2.426s] [ 76%] [34m[1mGenerating Python code for ROS interfaces[0m
[2.658s] [ 76%] Built target center_msg_pkg__py
[2.667s] [ 79%] [32mBuilding C object CMakeFiles/center_msg_pkg__rosidl_generator_py.dir/rosidl_generator_py/center_msg_pkg/msg/_singlecenter_s.c.o[0m
[2.667s] [ 82%] [32mBuilding C object CMakeFiles/center_msg_pkg__rosidl_generator_py.dir/rosidl_generator_py/center_msg_pkg/msg/_center_s.c.o[0m
[2.737s] [ 84%] [32m[1mLinking C shared library rosidl_generator_py/center_msg_pkg/libcenter_msg_pkg__rosidl_generator_py.so[0m
[2.761s] [ 84%] Built target center_msg_pkg__rosidl_generator_py
[2.768s] [ 89%] [32mBuilding C object CMakeFiles/center_msg_pkg__rosidl_typesupport_c__pyext.dir/rosidl_generator_py/center_msg_pkg/_center_msg_pkg_s.ep.rosidl_typesupport_c.c.o[0m
[2.768s] [ 89%] [32mBuilding C object CMakeFiles/center_msg_pkg__rosidl_typesupport_fastrtps_c__pyext.dir/rosidl_generator_py/center_msg_pkg/_center_msg_pkg_s.ep.rosidl_typesupport_fastrtps_c.c.o[0m
[2.770s] [ 92%] [32mBuilding C object CMakeFiles/center_msg_pkg__rosidl_typesupport_introspection_c__pyext.dir/rosidl_generator_py/center_msg_pkg/_center_msg_pkg_s.ep.rosidl_typesupport_introspection_c.c.o[0m
[2.837s] [ 94%] [32m[1mLinking C shared library rosidl_generator_py/center_msg_pkg/center_msg_pkg_s__rosidl_typesupport_introspection_c.cpython-310-x86_64-linux-gnu.so[0m
[2.838s] [ 97%] [32m[1mLinking C shared library rosidl_generator_py/center_msg_pkg/center_msg_pkg_s__rosidl_typesupport_c.cpython-310-x86_64-linux-gnu.so[0m
[2.839s] [100%] [32m[1mLinking C shared library rosidl_generator_py/center_msg_pkg/center_msg_pkg_s__rosidl_typesupport_fastrtps_c.cpython-310-x86_64-linux-gnu.so[0m
[2.857s] [100%] Built target center_msg_pkg__rosidl_typesupport_introspection_c__pyext
[2.857s] [100%] Built target center_msg_pkg__rosidl_typesupport_c__pyext
[2.857s] [100%] Built target center_msg_pkg__rosidl_typesupport_fastrtps_c__pyext
[2.862s] Invoked command in '/home/zhongrui/code/ws/build/center_msg_pkg' returned '0': CMAKE_PREFIX_PATH=/opt/ros/humble /home/zhongrui/bin/cmake --build /home/zhongrui/code/ws/build/center_msg_pkg -- -j16 -l16
[2.867s] Invoking command in '/home/zhongrui/code/ws/build/center_msg_pkg': CMAKE_PREFIX_PATH=/opt/ros/humble /home/zhongrui/bin/cmake --install /home/zhongrui/code/ws/build/center_msg_pkg
[2.869s] -- Install configuration: ""
[2.869s] -- Installing: /home/zhongrui/code/ws/install/center_msg_pkg/share/ament_index/resource_index/rosidl_interfaces/center_msg_pkg
[2.869s] -- Installing: /home/zhongrui/code/ws/install/center_msg_pkg/include/center_msg_pkg/center_msg_pkg
[2.869s] -- Installing: /home/zhongrui/code/ws/install/center_msg_pkg/include/center_msg_pkg/center_msg_pkg/msg
[2.869s] -- Installing: /home/zhongrui/code/ws/install/center_msg_pkg/include/center_msg_pkg/center_msg_pkg/msg/rosidl_generator_c__visibility_control.h
[2.869s] -- Installing: /home/zhongrui/code/ws/install/center_msg_pkg/include/center_msg_pkg/center_msg_pkg/msg/singlecenter.h
[2.869s] -- Installing: /home/zhongrui/code/ws/install/center_msg_pkg/include/center_msg_pkg/center_msg_pkg/msg/center.h
[2.869s] -- Installing: /home/zhongrui/code/ws/install/center_msg_pkg/include/center_msg_pkg/center_msg_pkg/msg/detail
[2.869s] -- Installing: /home/zhongrui/code/ws/install/center_msg_pkg/include/center_msg_pkg/center_msg_pkg/msg/detail/center__struct.h
[2.869s] -- Installing: /home/zhongrui/code/ws/install/center_msg_pkg/include/center_msg_pkg/center_msg_pkg/msg/detail/center__type_support.h
[2.869s] -- Installing: /home/zhongrui/code/ws/install/center_msg_pkg/include/center_msg_pkg/center_msg_pkg/msg/detail/singlecenter__functions.c
[2.869s] -- Installing: /home/zhongrui/code/ws/install/center_msg_pkg/include/center_msg_pkg/center_msg_pkg/msg/detail/singlecenter__type_support.h
[2.870s] -- Installing: /home/zhongrui/code/ws/install/center_msg_pkg/include/center_msg_pkg/center_msg_pkg/msg/detail/singlecenter__functions.h
[2.870s] -- Installing: /home/zhongrui/code/ws/install/center_msg_pkg/include/center_msg_pkg/center_msg_pkg/msg/detail/center__functions.c
[2.870s] -- Installing: /home/zhongrui/code/ws/install/center_msg_pkg/include/center_msg_pkg/center_msg_pkg/msg/detail/singlecenter__struct.h
[2.870s] -- Installing: /home/zhongrui/code/ws/install/center_msg_pkg/include/center_msg_pkg/center_msg_pkg/msg/detail/center__functions.h
[2.870s] -- Installing: /home/zhongrui/code/ws/install/center_msg_pkg/share/center_msg_pkg/environment/library_path.sh
[2.870s] -- Installing: /home/zhongrui/code/ws/install/center_msg_pkg/share/center_msg_pkg/environment/library_path.dsv
[2.870s] -- Installing: /home/zhongrui/code/ws/install/center_msg_pkg/lib/libcenter_msg_pkg__rosidl_generator_c.so
[2.871s] -- Set non-toolchain portion of runtime path of "/home/zhongrui/code/ws/install/center_msg_pkg/lib/libcenter_msg_pkg__rosidl_generator_c.so" to ""
[2.871s] -- Up-to-date: /home/zhongrui/code/ws/install/center_msg_pkg/include/center_msg_pkg/center_msg_pkg
[2.871s] -- Up-to-date: /home/zhongrui/code/ws/install/center_msg_pkg/include/center_msg_pkg/center_msg_pkg/msg
[2.871s] -- Installing: /home/zhongrui/code/ws/install/center_msg_pkg/include/center_msg_pkg/center_msg_pkg/msg/rosidl_typesupport_fastrtps_c__visibility_control.h
[2.871s] -- Up-to-date: /home/zhongrui/code/ws/install/center_msg_pkg/include/center_msg_pkg/center_msg_pkg/msg/detail
[2.871s] -- Installing: /home/zhongrui/code/ws/install/center_msg_pkg/include/center_msg_pkg/center_msg_pkg/msg/detail/center__rosidl_typesupport_fastrtps_c.h
[2.871s] -- Installing: /home/zhongrui/code/ws/install/center_msg_pkg/include/center_msg_pkg/center_msg_pkg/msg/detail/singlecenter__rosidl_typesupport_fastrtps_c.h
[2.871s] -- Installing: /home/zhongrui/code/ws/install/center_msg_pkg/lib/libcenter_msg_pkg__rosidl_typesupport_fastrtps_c.so
[2.871s] -- Set non-toolchain portion of runtime path of "/home/zhongrui/code/ws/install/center_msg_pkg/lib/libcenter_msg_pkg__rosidl_typesupport_fastrtps_c.so" to ""
[2.871s] -- Up-to-date: /home/zhongrui/code/ws/install/center_msg_pkg/include/center_msg_pkg/center_msg_pkg
[2.871s] -- Up-to-date: /home/zhongrui/code/ws/install/center_msg_pkg/include/center_msg_pkg/center_msg_pkg/msg
[2.871s] -- Installing: /home/zhongrui/code/ws/install/center_msg_pkg/include/center_msg_pkg/center_msg_pkg/msg/rosidl_typesupport_introspection_c__visibility_control.h
[2.871s] -- Up-to-date: /home/zhongrui/code/ws/install/center_msg_pkg/include/center_msg_pkg/center_msg_pkg/msg/detail
[2.871s] -- Installing: /home/zhongrui/code/ws/install/center_msg_pkg/include/center_msg_pkg/center_msg_pkg/msg/detail/center__rosidl_typesupport_introspection_c.h
[2.872s] -- Installing: /home/zhongrui/code/ws/install/center_msg_pkg/include/center_msg_pkg/center_msg_pkg/msg/detail/center__type_support.c
[2.872s] -- Installing: /home/zhongrui/code/ws/install/center_msg_pkg/include/center_msg_pkg/center_msg_pkg/msg/detail/singlecenter__rosidl_typesupport_introspection_c.h
[2.872s] -- Installing: /home/zhongrui/code/ws/install/center_msg_pkg/include/center_msg_pkg/center_msg_pkg/msg/detail/singlecenter__type_support.c
[2.872s] -- Installing: /home/zhongrui/code/ws/install/center_msg_pkg/lib/libcenter_msg_pkg__rosidl_typesupport_introspection_c.so
[2.872s] -- Set non-toolchain portion of runtime path of "/home/zhongrui/code/ws/install/center_msg_pkg/lib/libcenter_msg_pkg__rosidl_typesupport_introspection_c.so" to ""
[2.872s] -- Installing: /home/zhongrui/code/ws/install/center_msg_pkg/lib/libcenter_msg_pkg__rosidl_typesupport_c.so
[2.872s] -- Set non-toolchain portion of runtime path of "/home/zhongrui/code/ws/install/center_msg_pkg/lib/libcenter_msg_pkg__rosidl_typesupport_c.so" to ""
[2.872s] -- Up-to-date: /home/zhongrui/code/ws/install/center_msg_pkg/include/center_msg_pkg/center_msg_pkg
[2.872s] -- Up-to-date: /home/zhongrui/code/ws/install/center_msg_pkg/include/center_msg_pkg/center_msg_pkg/msg
[2.873s] -- Installing: /home/zhongrui/code/ws/install/center_msg_pkg/include/center_msg_pkg/center_msg_pkg/msg/singlecenter.hpp
[2.873s] -- Installing: /home/zhongrui/code/ws/install/center_msg_pkg/include/center_msg_pkg/center_msg_pkg/msg/rosidl_generator_cpp__visibility_control.hpp
[2.873s] -- Installing: /home/zhongrui/code/ws/install/center_msg_pkg/include/center_msg_pkg/center_msg_pkg/msg/center.hpp
[2.873s] -- Up-to-date: /home/zhongrui/code/ws/install/center_msg_pkg/include/center_msg_pkg/center_msg_pkg/msg/detail
[2.873s] -- Installing: /home/zhongrui/code/ws/install/center_msg_pkg/include/center_msg_pkg/center_msg_pkg/msg/detail/singlecenter__traits.hpp
[2.873s] -- Installing: /home/zhongrui/code/ws/install/center_msg_pkg/include/center_msg_pkg/center_msg_pkg/msg/detail/center__struct.hpp
[2.873s] -- Installing: /home/zhongrui/code/ws/install/center_msg_pkg/include/center_msg_pkg/center_msg_pkg/msg/detail/singlecenter__type_support.hpp
[2.873s] -- Installing: /home/zhongrui/code/ws/install/center_msg_pkg/include/center_msg_pkg/center_msg_pkg/msg/detail/singlecenter__struct.hpp
[2.873s] -- Installing: /home/zhongrui/code/ws/install/center_msg_pkg/include/center_msg_pkg/center_msg_pkg/msg/detail/center__traits.hpp
[2.873s] -- Installing: /home/zhongrui/code/ws/install/center_msg_pkg/include/center_msg_pkg/center_msg_pkg/msg/detail/center__builder.hpp
[2.873s] -- Installing: /home/zhongrui/code/ws/install/center_msg_pkg/include/center_msg_pkg/center_msg_pkg/msg/detail/singlecenter__builder.hpp
[2.873s] -- Installing: /home/zhongrui/code/ws/install/center_msg_pkg/include/center_msg_pkg/center_msg_pkg/msg/detail/center__type_support.hpp
[2.873s] -- Up-to-date: /home/zhongrui/code/ws/install/center_msg_pkg/include/center_msg_pkg/center_msg_pkg
[2.873s] -- Up-to-date: /home/zhongrui/code/ws/install/center_msg_pkg/include/center_msg_pkg/center_msg_pkg/msg
[2.874s] -- Installing: /home/zhongrui/code/ws/install/center_msg_pkg/include/center_msg_pkg/center_msg_pkg/msg/rosidl_typesupport_fastrtps_cpp__visibility_control.h
[2.874s] -- Up-to-date: /home/zhongrui/code/ws/install/center_msg_pkg/include/center_msg_pkg/center_msg_pkg/msg/detail
[2.874s] -- Installing: /home/zhongrui/code/ws/install/center_msg_pkg/include/center_msg_pkg/center_msg_pkg/msg/detail/center__rosidl_typesupport_fastrtps_cpp.hpp
[2.874s] -- Installing: /home/zhongrui/code/ws/install/center_msg_pkg/include/center_msg_pkg/center_msg_pkg/msg/detail/singlecenter__rosidl_typesupport_fastrtps_cpp.hpp
[2.874s] -- Installing: /home/zhongrui/code/ws/install/center_msg_pkg/include/center_msg_pkg/center_msg_pkg/msg/detail/dds_fastrtps
[2.874s] -- Installing: /home/zhongrui/code/ws/install/center_msg_pkg/lib/libcenter_msg_pkg__rosidl_typesupport_fastrtps_cpp.so
[2.874s] -- Set non-toolchain portion of runtime path of "/home/zhongrui/code/ws/install/center_msg_pkg/lib/libcenter_msg_pkg__rosidl_typesupport_fastrtps_cpp.so" to ""
[2.874s] -- Up-to-date: /home/zhongrui/code/ws/install/center_msg_pkg/include/center_msg_pkg/center_msg_pkg
[2.874s] -- Up-to-date: /home/zhongrui/code/ws/install/center_msg_pkg/include/center_msg_pkg/center_msg_pkg/msg
[2.874s] -- Up-to-date: /home/zhongrui/code/ws/install/center_msg_pkg/include/center_msg_pkg/center_msg_pkg/msg/detail
[2.874s] -- Installing: /home/zhongrui/code/ws/install/center_msg_pkg/include/center_msg_pkg/center_msg_pkg/msg/detail/singlecenter__rosidl_typesupport_introspection_cpp.hpp
[2.874s] -- Installing: /home/zhongrui/code/ws/install/center_msg_pkg/include/center_msg_pkg/center_msg_pkg/msg/detail/center__type_support.cpp
[2.875s] -- Installing: /home/zhongrui/code/ws/install/center_msg_pkg/include/center_msg_pkg/center_msg_pkg/msg/detail/singlecenter__type_support.cpp
[2.875s] -- Installing: /home/zhongrui/code/ws/install/center_msg_pkg/include/center_msg_pkg/center_msg_pkg/msg/detail/center__rosidl_typesupport_introspection_cpp.hpp
[2.875s] -- Installing: /home/zhongrui/code/ws/install/center_msg_pkg/lib/libcenter_msg_pkg__rosidl_typesupport_introspection_cpp.so
[2.875s] -- Set non-toolchain portion of runtime path of "/home/zhongrui/code/ws/install/center_msg_pkg/lib/libcenter_msg_pkg__rosidl_typesupport_introspection_cpp.so" to ""
[2.875s] -- Installing: /home/zhongrui/code/ws/install/center_msg_pkg/lib/libcenter_msg_pkg__rosidl_typesupport_cpp.so
[2.875s] -- Set non-toolchain portion of runtime path of "/home/zhongrui/code/ws/install/center_msg_pkg/lib/libcenter_msg_pkg__rosidl_typesupport_cpp.so" to ""
[2.875s] -- Installing: /home/zhongrui/code/ws/install/center_msg_pkg/share/center_msg_pkg/environment/pythonpath.sh
[2.876s] -- Installing: /home/zhongrui/code/ws/install/center_msg_pkg/share/center_msg_pkg/environment/pythonpath.dsv
[2.876s] -- Installing: /home/zhongrui/code/ws/install/center_msg_pkg/local/lib/python3.10/dist-packages/center_msg_pkg-0.0.0-py3.10.egg-info
[2.876s] -- Installing: /home/zhongrui/code/ws/install/center_msg_pkg/local/lib/python3.10/dist-packages/center_msg_pkg-0.0.0-py3.10.egg-info/PKG-INFO
[2.876s] -- Installing: /home/zhongrui/code/ws/install/center_msg_pkg/local/lib/python3.10/dist-packages/center_msg_pkg-0.0.0-py3.10.egg-info/dependency_links.txt
[2.876s] -- Installing: /home/zhongrui/code/ws/install/center_msg_pkg/local/lib/python3.10/dist-packages/center_msg_pkg-0.0.0-py3.10.egg-info/SOURCES.txt
[2.876s] -- Installing: /home/zhongrui/code/ws/install/center_msg_pkg/local/lib/python3.10/dist-packages/center_msg_pkg-0.0.0-py3.10.egg-info/top_level.txt
[2.876s] -- Installing: /home/zhongrui/code/ws/install/center_msg_pkg/local/lib/python3.10/dist-packages/center_msg_pkg
[2.876s] -- Installing: /home/zhongrui/code/ws/install/center_msg_pkg/local/lib/python3.10/dist-packages/center_msg_pkg/_center_msg_pkg_s.ep.rosidl_typesupport_introspection_c.c
[2.876s] -- Installing: /home/zhongrui/code/ws/install/center_msg_pkg/local/lib/python3.10/dist-packages/center_msg_pkg/_center_msg_pkg_s.ep.rosidl_typesupport_c.c
[2.876s] -- Installing: /home/zhongrui/code/ws/install/center_msg_pkg/local/lib/python3.10/dist-packages/center_msg_pkg/msg
[2.876s] -- Installing: /home/zhongrui/code/ws/install/center_msg_pkg/local/lib/python3.10/dist-packages/center_msg_pkg/msg/_singlecenter_s.c
[2.876s] -- Installing: /home/zhongrui/code/ws/install/center_msg_pkg/local/lib/python3.10/dist-packages/center_msg_pkg/msg/_singlecenter.py
[2.877s] -- Installing: /home/zhongrui/code/ws/install/center_msg_pkg/local/lib/python3.10/dist-packages/center_msg_pkg/msg/__init__.py
[2.877s] -- Installing: /home/zhongrui/code/ws/install/center_msg_pkg/local/lib/python3.10/dist-packages/center_msg_pkg/msg/_center.py
[2.877s] -- Installing: /home/zhongrui/code/ws/install/center_msg_pkg/local/lib/python3.10/dist-packages/center_msg_pkg/msg/_center_s.c
[2.877s] -- Installing: /home/zhongrui/code/ws/install/center_msg_pkg/local/lib/python3.10/dist-packages/center_msg_pkg/center_msg_pkg_s__rosidl_typesupport_fastrtps_c.cpython-310-x86_64-linux-gnu.so
[2.877s] -- Installing: /home/zhongrui/code/ws/install/center_msg_pkg/local/lib/python3.10/dist-packages/center_msg_pkg/_center_msg_pkg_s.ep.rosidl_typesupport_fastrtps_c.c
[2.877s] -- Installing: /home/zhongrui/code/ws/install/center_msg_pkg/local/lib/python3.10/dist-packages/center_msg_pkg/center_msg_pkg_s__rosidl_typesupport_introspection_c.cpython-310-x86_64-linux-gnu.so
[2.877s] -- Installing: /home/zhongrui/code/ws/install/center_msg_pkg/local/lib/python3.10/dist-packages/center_msg_pkg/__init__.py
[2.877s] -- Installing: /home/zhongrui/code/ws/install/center_msg_pkg/local/lib/python3.10/dist-packages/center_msg_pkg/center_msg_pkg_s__rosidl_typesupport_c.cpython-310-x86_64-linux-gnu.so
[2.877s] -- Installing: /home/zhongrui/code/ws/install/center_msg_pkg/local/lib/python3.10/dist-packages/center_msg_pkg/libcenter_msg_pkg__rosidl_generator_py.so
[2.901s] Listing '/home/zhongrui/code/ws/install/center_msg_pkg/local/lib/python3.10/dist-packages/center_msg_pkg'...
[2.901s] Compiling '/home/zhongrui/code/ws/install/center_msg_pkg/local/lib/python3.10/dist-packages/center_msg_pkg/__init__.py'...
[2.901s] Listing '/home/zhongrui/code/ws/install/center_msg_pkg/local/lib/python3.10/dist-packages/center_msg_pkg/msg'...
[2.901s] Compiling '/home/zhongrui/code/ws/install/center_msg_pkg/local/lib/python3.10/dist-packages/center_msg_pkg/msg/__init__.py'...
[2.901s] Compiling '/home/zhongrui/code/ws/install/center_msg_pkg/local/lib/python3.10/dist-packages/center_msg_pkg/msg/_center.py'...
[2.901s] Compiling '/home/zhongrui/code/ws/install/center_msg_pkg/local/lib/python3.10/dist-packages/center_msg_pkg/msg/_singlecenter.py'...
[2.904s] -- Installing: /home/zhongrui/code/ws/install/center_msg_pkg/local/lib/python3.10/dist-packages/center_msg_pkg/center_msg_pkg_s__rosidl_typesupport_fastrtps_c.cpython-310-x86_64-linux-gnu.so
[2.905s] -- Set non-toolchain portion of runtime path of "/home/zhongrui/code/ws/install/center_msg_pkg/local/lib/python3.10/dist-packages/center_msg_pkg/center_msg_pkg_s__rosidl_typesupport_fastrtps_c.cpython-310-x86_64-linux-gnu.so" to ""
[2.905s] -- Installing: /home/zhongrui/code/ws/install/center_msg_pkg/local/lib/python3.10/dist-packages/center_msg_pkg/center_msg_pkg_s__rosidl_typesupport_introspection_c.cpython-310-x86_64-linux-gnu.so
[2.906s] -- Set non-toolchain portion of runtime path of "/home/zhongrui/code/ws/install/center_msg_pkg/local/lib/python3.10/dist-packages/center_msg_pkg/center_msg_pkg_s__rosidl_typesupport_introspection_c.cpython-310-x86_64-linux-gnu.so" to ""
[2.906s] -- Installing: /home/zhongrui/code/ws/install/center_msg_pkg/local/lib/python3.10/dist-packages/center_msg_pkg/center_msg_pkg_s__rosidl_typesupport_c.cpython-310-x86_64-linux-gnu.so
[2.906s] -- Set non-toolchain portion of runtime path of "/home/zhongrui/code/ws/install/center_msg_pkg/local/lib/python3.10/dist-packages/center_msg_pkg/center_msg_pkg_s__rosidl_typesupport_c.cpython-310-x86_64-linux-gnu.so" to ""
[2.906s] -- Installing: /home/zhongrui/code/ws/install/center_msg_pkg/lib/libcenter_msg_pkg__rosidl_generator_py.so
[2.906s] -- Set non-toolchain portion of runtime path of "/home/zhongrui/code/ws/install/center_msg_pkg/lib/libcenter_msg_pkg__rosidl_generator_py.so" to ""
[2.907s] -- Installing: /home/zhongrui/code/ws/install/center_msg_pkg/share/center_msg_pkg/msg/Center.idl
[2.907s] -- Installing: /home/zhongrui/code/ws/install/center_msg_pkg/share/center_msg_pkg/msg/Singlecenter.idl
[2.907s] -- Installing: /home/zhongrui/code/ws/install/center_msg_pkg/share/center_msg_pkg/msg/Center.msg
[2.907s] -- Installing: /home/zhongrui/code/ws/install/center_msg_pkg/share/center_msg_pkg/msg/Singlecenter.msg
[2.907s] -- Installing: /home/zhongrui/code/ws/install/center_msg_pkg/share/ament_index/resource_index/package_run_dependencies/center_msg_pkg
[2.907s] -- Installing: /home/zhongrui/code/ws/install/center_msg_pkg/share/ament_index/resource_index/parent_prefix_path/center_msg_pkg
[2.907s] -- Installing: /home/zhongrui/code/ws/install/center_msg_pkg/share/center_msg_pkg/environment/ament_prefix_path.sh
[2.907s] -- Installing: /home/zhongrui/code/ws/install/center_msg_pkg/share/center_msg_pkg/environment/ament_prefix_path.dsv
[2.908s] -- Installing: /home/zhongrui/code/ws/install/center_msg_pkg/share/center_msg_pkg/environment/path.sh
[2.908s] -- Installing: /home/zhongrui/code/ws/install/center_msg_pkg/share/center_msg_pkg/environment/path.dsv
[2.908s] -- Installing: /home/zhongrui/code/ws/install/center_msg_pkg/share/center_msg_pkg/local_setup.bash
[2.908s] -- Installing: /home/zhongrui/code/ws/install/center_msg_pkg/share/center_msg_pkg/local_setup.sh
[2.908s] -- Installing: /home/zhongrui/code/ws/install/center_msg_pkg/share/center_msg_pkg/local_setup.zsh
[2.908s] -- Installing: /home/zhongrui/code/ws/install/center_msg_pkg/share/center_msg_pkg/local_setup.dsv
[2.908s] -- Installing: /home/zhongrui/code/ws/install/center_msg_pkg/share/center_msg_pkg/package.dsv
[2.908s] -- Installing: /home/zhongrui/code/ws/install/center_msg_pkg/share/ament_index/resource_index/packages/center_msg_pkg
[2.908s] -- Installing: /home/zhongrui/code/ws/install/center_msg_pkg/share/center_msg_pkg/cmake/export_center_msg_pkg__rosidl_generator_cExport.cmake
[2.908s] -- Installing: /home/zhongrui/code/ws/install/center_msg_pkg/share/center_msg_pkg/cmake/export_center_msg_pkg__rosidl_generator_cExport-noconfig.cmake
[2.909s] -- Installing: /home/zhongrui/code/ws/install/center_msg_pkg/share/center_msg_pkg/cmake/export_center_msg_pkg__rosidl_typesupport_fastrtps_cExport.cmake
[2.909s] -- Installing: /home/zhongrui/code/ws/install/center_msg_pkg/share/center_msg_pkg/cmake/export_center_msg_pkg__rosidl_typesupport_fastrtps_cExport-noconfig.cmake
[2.909s] -- Installing: /home/zhongrui/code/ws/install/center_msg_pkg/share/center_msg_pkg/cmake/center_msg_pkg__rosidl_typesupport_introspection_cExport.cmake
[2.909s] -- Installing: /home/zhongrui/code/ws/install/center_msg_pkg/share/center_msg_pkg/cmake/center_msg_pkg__rosidl_typesupport_introspection_cExport-noconfig.cmake
[2.909s] -- Installing: /home/zhongrui/code/ws/install/center_msg_pkg/share/center_msg_pkg/cmake/center_msg_pkg__rosidl_typesupport_cExport.cmake
[2.909s] -- Installing: /home/zhongrui/code/ws/install/center_msg_pkg/share/center_msg_pkg/cmake/center_msg_pkg__rosidl_typesupport_cExport-noconfig.cmake
[2.909s] -- Installing: /home/zhongrui/code/ws/install/center_msg_pkg/share/center_msg_pkg/cmake/export_center_msg_pkg__rosidl_generator_cppExport.cmake
[2.909s] -- Installing: /home/zhongrui/code/ws/install/center_msg_pkg/share/center_msg_pkg/cmake/export_center_msg_pkg__rosidl_typesupport_fastrtps_cppExport.cmake
[2.909s] -- Installing: /home/zhongrui/code/ws/install/center_msg_pkg/share/center_msg_pkg/cmake/export_center_msg_pkg__rosidl_typesupport_fastrtps_cppExport-noconfig.cmake
[2.910s] -- Installing: /home/zhongrui/code/ws/install/center_msg_pkg/share/center_msg_pkg/cmake/center_msg_pkg__rosidl_typesupport_introspection_cppExport.cmake
[2.910s] -- Installing: /home/zhongrui/code/ws/install/center_msg_pkg/share/center_msg_pkg/cmake/center_msg_pkg__rosidl_typesupport_introspection_cppExport-noconfig.cmake
[2.910s] -- Installing: /home/zhongrui/code/ws/install/center_msg_pkg/share/center_msg_pkg/cmake/center_msg_pkg__rosidl_typesupport_cppExport.cmake
[2.910s] -- Installing: /home/zhongrui/code/ws/install/center_msg_pkg/share/center_msg_pkg/cmake/center_msg_pkg__rosidl_typesupport_cppExport-noconfig.cmake
[2.910s] -- Installing: /home/zhongrui/code/ws/install/center_msg_pkg/share/center_msg_pkg/cmake/export_center_msg_pkg__rosidl_generator_pyExport.cmake
[2.910s] -- Installing: /home/zhongrui/code/ws/install/center_msg_pkg/share/center_msg_pkg/cmake/export_center_msg_pkg__rosidl_generator_pyExport-noconfig.cmake
[2.910s] -- Installing: /home/zhongrui/code/ws/install/center_msg_pkg/share/center_msg_pkg/cmake/rosidl_cmake-extras.cmake
[2.910s] -- Installing: /home/zhongrui/code/ws/install/center_msg_pkg/share/center_msg_pkg/cmake/ament_cmake_export_include_directories-extras.cmake
[2.910s] -- Installing: /home/zhongrui/code/ws/install/center_msg_pkg/share/center_msg_pkg/cmake/ament_cmake_export_libraries-extras.cmake
[2.910s] -- Installing: /home/zhongrui/code/ws/install/center_msg_pkg/share/center_msg_pkg/cmake/ament_cmake_export_targets-extras.cmake
[2.911s] -- Installing: /home/zhongrui/code/ws/install/center_msg_pkg/share/center_msg_pkg/cmake/rosidl_cmake_export_typesupport_targets-extras.cmake
[2.911s] -- Installing: /home/zhongrui/code/ws/install/center_msg_pkg/share/center_msg_pkg/cmake/ament_cmake_export_dependencies-extras.cmake
[2.911s] -- Installing: /home/zhongrui/code/ws/install/center_msg_pkg/share/center_msg_pkg/cmake/rosidl_cmake_export_typesupport_libraries-extras.cmake
[2.911s] -- Installing: /home/zhongrui/code/ws/install/center_msg_pkg/share/center_msg_pkg/cmake/center_msg_pkgConfig.cmake
[2.911s] -- Installing: /home/zhongrui/code/ws/install/center_msg_pkg/share/center_msg_pkg/cmake/center_msg_pkgConfig-version.cmake
[2.911s] -- Installing: /home/zhongrui/code/ws/install/center_msg_pkg/share/center_msg_pkg/package.xml
[2.913s] Invoked command in '/home/zhongrui/code/ws/build/center_msg_pkg' returned '0': CMAKE_PREFIX_PATH=/opt/ros/humble /home/zhongrui/bin/cmake --install /home/zhongrui/code/ws/build/center_msg_pkg
