[0mCMake Deprecation Warning at CMakeLists.txt:1 (cmake_minimum_required):
  Compatibility with CMake < 3.10 will be removed from a future version of
  CMake.

  Update the VERSION argument <min> value.  Or, use the <min>...<max> syntax
  to tell CMake that the project requires at least <min> but has been updated
  to work with policies introduced by <max> or earlier.

[0m
-- The C compiler identification is GNU 11.4.0
-- The CXX compiler identification is GNU 11.4.0
-- Detecting C compiler ABI info
-- Detecting C compiler ABI info - done
-- Check for working C compiler: /usr/bin/cc - skipped
-- Detecting C compile features
-- Detecting C compile features - done
-- Detecting CXX compiler ABI info
-- Detecting CXX compiler ABI info - done
-- Check for working CXX compiler: /usr/bin/c++ - skipped
-- Detecting CXX compile features
-- Detecting CXX compile features - done
-- Found ament_cmake: 1.3.12 (/opt/ros/humble/share/ament_cmake/cmake)
-- Found Python3: /usr/bin/python3 (found version "3.10.12") found components: Interpreter
-- Found rclcpp: 16.0.15 (/opt/ros/humble/share/rclcpp/cmake)
-- Found rosidl_generator_c: 3.1.7 (/opt/ros/humble/share/rosidl_generator_c/cmake)
-- Found rosidl_adapter: 3.1.7 (/opt/ros/humble/share/rosidl_adapter/cmake)
-- Found rosidl_generator_cpp: 3.1.7 (/opt/ros/humble/share/rosidl_generator_cpp/cmake)
-- Using all available rosidl_typesupport_c: rosidl_typesupport_fastrtps_c;rosidl_typesupport_introspection_c
-- Using all available rosidl_typesupport_cpp: rosidl_typesupport_fastrtps_cpp;rosidl_typesupport_introspection_cpp
-- Found rmw_implementation_cmake: 6.1.2 (/opt/ros/humble/share/rmw_implementation_cmake/cmake)
-- Found rmw_fastrtps_cpp: 6.2.8 (/opt/ros/humble/share/rmw_fastrtps_cpp/cmake)
-- Found OpenSSL: /usr/lib/x86_64-linux-gnu/libcrypto.so (found version "3.0.2")
-- Found FastRTPS: /opt/ros/humble/include
-- Using RMW implementation 'rmw_fastrtps_cpp' as default
-- Performing Test CMAKE_HAVE_LIBC_PTHREAD
-- Performing Test CMAKE_HAVE_LIBC_PTHREAD - Success
-- Found Threads: TRUE
-- Found OpenCV: /usr/local (found version "4.9.0")
-- Found ament_lint_auto: 0.12.14 (/opt/ros/humble/share/ament_lint_auto/cmake)
-- Added test 'cppcheck' to perform static code analysis on C / C++ code
-- Configured cppcheck include dirs: /home/zhongrui/code/ws/src/yolo_xy_pkg/include
-- Configured cppcheck exclude dirs and/or files: 
-- Added test 'lint_cmake' to check CMake code style
-- Added test 'uncrustify' to check C / C++ code style
-- Configured uncrustify additional arguments: 
-- Added test 'xmllint' to check XML markup files
-- Configuring done (0.8s)
-- Generating done (0.0s)
-- Build files have been written to: /home/zhongrui/code/ws/build/yolo_xy_pkg
[ 33%] [32mBuilding CXX object CMakeFiles/yolo_xy_node.dir/src/main.cpp.o[0m
[ 66%] [32mBuilding CXX object CMakeFiles/yolo_xy_node.dir/src/inference.cpp.o[0m
[100%] [32m[1mLinking CXX executable yolo_xy_node[0m
[100%] Built target yolo_xy_node
-- Install configuration: ""
-- Installing: /home/zhongrui/code/ws/install/yolo_xy_pkg/lib/yolo_xy_pkg/yolo_xy_node
-- Set non-toolchain portion of runtime path of "/home/zhongrui/code/ws/install/yolo_xy_pkg/lib/yolo_xy_pkg/yolo_xy_node" to ""
-- Installing: /home/zhongrui/code/ws/install/yolo_xy_pkg/share/yolo_xy_pkg/config
-- Installing: /home/zhongrui/code/ws/install/yolo_xy_pkg/share/yolo_xy_pkg/config/para.yaml
-- Installing: /home/zhongrui/code/ws/install/yolo_xy_pkg/share/ament_index/resource_index/package_run_dependencies/yolo_xy_pkg
-- Installing: /home/zhongrui/code/ws/install/yolo_xy_pkg/share/ament_index/resource_index/parent_prefix_path/yolo_xy_pkg
-- Installing: /home/zhongrui/code/ws/install/yolo_xy_pkg/share/yolo_xy_pkg/environment/ament_prefix_path.sh
-- Installing: /home/zhongrui/code/ws/install/yolo_xy_pkg/share/yolo_xy_pkg/environment/ament_prefix_path.dsv
-- Installing: /home/zhongrui/code/ws/install/yolo_xy_pkg/share/yolo_xy_pkg/environment/path.sh
-- Installing: /home/zhongrui/code/ws/install/yolo_xy_pkg/share/yolo_xy_pkg/environment/path.dsv
-- Installing: /home/zhongrui/code/ws/install/yolo_xy_pkg/share/yolo_xy_pkg/local_setup.bash
-- Installing: /home/zhongrui/code/ws/install/yolo_xy_pkg/share/yolo_xy_pkg/local_setup.sh
-- Installing: /home/zhongrui/code/ws/install/yolo_xy_pkg/share/yolo_xy_pkg/local_setup.zsh
-- Installing: /home/zhongrui/code/ws/install/yolo_xy_pkg/share/yolo_xy_pkg/local_setup.dsv
-- Installing: /home/zhongrui/code/ws/install/yolo_xy_pkg/share/yolo_xy_pkg/package.dsv
-- Installing: /home/zhongrui/code/ws/install/yolo_xy_pkg/share/ament_index/resource_index/packages/yolo_xy_pkg
-- Installing: /home/zhongrui/code/ws/install/yolo_xy_pkg/share/yolo_xy_pkg/cmake/yolo_xy_pkgConfig.cmake
-- Installing: /home/zhongrui/code/ws/install/yolo_xy_pkg/share/yolo_xy_pkg/cmake/yolo_xy_pkgConfig-version.cmake
-- Installing: /home/zhongrui/code/ws/install/yolo_xy_pkg/share/yolo_xy_pkg/package.xml
